Picked up JAVA_TOOL_OPTIONS: -Dgnu.io.rxtx.SerialPorts=/dev/tty96B0
=====================
WindowSize
4
=====================
Picked up JAVA_TOOL_OPTIONS: -Dgnu.io.rxtx.SerialPorts=/dev/tty96B0

real	0m1.602s
user	0m1.556s
sys	0m0.064s
Picked up JAVA_TOOL_OPTIONS: -Dgnu.io.rxtx.SerialPorts=/dev/tty96B0

real	0m1.644s
user	0m1.556s
sys	0m0.104s
Picked up JAVA_TOOL_OPTIONS: -Dgnu.io.rxtx.SerialPorts=/dev/tty96B0

real	0m1.643s
user	0m1.564s
sys	0m0.088s
=====================
WindowSize
8
=====================
Picked up JAVA_TOOL_OPTIONS: -Dgnu.io.rxtx.SerialPorts=/dev/tty96B0

real	0m1.628s
user	0m1.560s
sys	0m0.080s
Picked up JAVA_TOOL_OPTIONS: -Dgnu.io.rxtx.SerialPorts=/dev/tty96B0

real	0m1.616s
user	0m1.532s
sys	0m0.096s
Picked up JAVA_TOOL_OPTIONS: -Dgnu.io.rxtx.SerialPorts=/dev/tty96B0

real	0m1.717s
user	0m1.636s
sys	0m0.092s
=====================
WindowSize
16
=====================
Picked up JAVA_TOOL_OPTIONS: -Dgnu.io.rxtx.SerialPorts=/dev/tty96B0

real	0m1.625s
user	0m1.552s
sys	0m0.096s
Picked up JAVA_TOOL_OPTIONS: -Dgnu.io.rxtx.SerialPorts=/dev/tty96B0

real	0m1.708s
user	0m1.632s
sys	0m0.092s
Picked up JAVA_TOOL_OPTIONS: -Dgnu.io.rxtx.SerialPorts=/dev/tty96B0

real	0m1.647s
user	0m1.560s
sys	0m0.100s
=====================
WindowSize
32
=====================
Picked up JAVA_TOOL_OPTIONS: -Dgnu.io.rxtx.SerialPorts=/dev/tty96B0

real	0m1.637s
user	0m1.596s
sys	0m0.056s
Picked up JAVA_TOOL_OPTIONS: -Dgnu.io.rxtx.SerialPorts=/dev/tty96B0

real	0m1.627s
user	0m1.560s
sys	0m0.080s
Picked up JAVA_TOOL_OPTIONS: -Dgnu.io.rxtx.SerialPorts=/dev/tty96B0

real	0m1.648s
user	0m1.604s
sys	0m0.060s
=====================
WindowSize
64
=====================
Picked up JAVA_TOOL_OPTIONS: -Dgnu.io.rxtx.SerialPorts=/dev/tty96B0

real	0m1.609s
user	0m1.548s
sys	0m0.072s
Picked up JAVA_TOOL_OPTIONS: -Dgnu.io.rxtx.SerialPorts=/dev/tty96B0

real	0m1.727s
user	0m1.664s
sys	0m0.076s
Picked up JAVA_TOOL_OPTIONS: -Dgnu.io.rxtx.SerialPorts=/dev/tty96B0

real	0m1.646s
user	0m1.608s
sys	0m0.048s
=====================
WindowSize
128
=====================
Picked up JAVA_TOOL_OPTIONS: -Dgnu.io.rxtx.SerialPorts=/dev/tty96B0

real	0m1.567s
user	0m1.512s
sys	0m0.068s
Picked up JAVA_TOOL_OPTIONS: -Dgnu.io.rxtx.SerialPorts=/dev/tty96B0

real	0m1.720s
user	0m1.668s
sys	0m0.068s
Picked up JAVA_TOOL_OPTIONS: -Dgnu.io.rxtx.SerialPorts=/dev/tty96B0

real	0m1.661s
user	0m1.572s
sys	0m0.096s
=====================
WindowSize
256
=====================
Picked up JAVA_TOOL_OPTIONS: -Dgnu.io.rxtx.SerialPorts=/dev/tty96B0

real	0m1.640s
user	0m1.604s
sys	0m0.052s
Picked up JAVA_TOOL_OPTIONS: -Dgnu.io.rxtx.SerialPorts=/dev/tty96B0

real	0m1.646s
user	0m1.584s
sys	0m0.080s
Picked up JAVA_TOOL_OPTIONS: -Dgnu.io.rxtx.SerialPorts=/dev/tty96B0

real	0m1.599s
user	0m1.544s
sys	0m0.068s
