25.61000
24.49000
51.18000
36.77000
29.52000
21.31000
27.19000
-34.45000
-38.20000
-24.62000
-36.10000
-28.49000
20.59000
29.85000
20.68000
37.76000
22.90000
32.87000
25.59000
-21.12000
-42.13000
-21.47000
-46.24000
24.71000
58.76000
41.61000
32.63000
26.63000
-22.60000
-24.73000
-33.08000
-30.87000
-31.59000
-26.29000
22.56000
20.35000
30.32000
25.92000
23.54000
-26.72000
-33.85000
-32.15000
-43.54000
-29.05000
-21.98000
-45.24000
-53.72000
26.05000
29.29000
27.78000
37.00000
26.29000
25.79000
32.79000
-55.48000
-21.34000
-28.23000
-25.76000
-20.13000
34.42000
21.31000
26.14000
29.98000
50.24000
28.97000
32.72000
-21.74000
-20.36000
-23.17000
-46.14000
-38.08000
-33.94000
22.15000
20.38000
41.70000
32.27000
28.56000
-29.29000
-34.10000
-27.26000
-25.40000
-27.23000
29.59000
31.20000
44.06000
28.53000
55.56000
20.61000
-34.90000
-40.79000
-44.58000
-32.11000
-36.45000
39.69000
27.55000
28.47000
35.74000
-32.79000
-45.60000
-23.97000
-52.77000
25.53000
56.99000
21.46000
40.31000
23.64000
30.94000
31.28000
29.66000
-30.10000
-22.08000
-30.97000
-50.73000
-27.52000
-31.34000
-23.25000
26.08000
36.63000
51.84000
22.27000
27.35000
-24.31000
-33.88000
-35.72000
-22.01000
-20.55000
-31.32000
27.11000
44.71000
42.91000
28.46000
32.11000
25.93000
21.01000
-23.44000
-21.07000
-41.83000
-45.00000
-24.52000
-37.65000
22.34000
34.58000
26.17000
34.41000
23.14000
30.04000
26.92000
-25.80000
-35.58000
-23.99000
-21.09000
-45.03000
30.67000
31.78000
26.60000
20.76000
-25.02000
-44.37000
-24.30000
-34.80000
22.06000
21.27000
28.40000
39.61000
42.29000
35.29000
-26.85000
-34.25000
-26.91000
-40.20000
-29.28000
-23.46000
24.24000
26.86000
27.38000
31.86000
20.07000
20.30000
-21.18000
-25.89000
-22.54000
-36.26000
-24.21000
-30.88000
20.49000
25.50000
38.93000
20.91000
31.59000
22.80000
-20.92000
-28.79000
-31.71000
-40.11000
-27.35000
-22.53000
26.94000
59.25000
34.68000
43.14000
25.17000
22.93000
-38.07000
-22.97000
-42.39000
-36.74000
-36.69000
-28.32000
-25.13000
45.77000
29.72000
23.44000
30.39000
-33.29000
-35.07000
-47.49000
-22.57000
-29.79000
31.09000
41.92000
41.24000
28.10000
23.53000
28.30000
-22.28000
-29.91000
-21.69000
-51.99000
-40.84000
-45.26000
-27.67000
-28.53000
22.24000
32.52000
30.17000
31.49000
23.41000
25.05000
-50.49000
-35.21000
-21.07000
-33.39000
-29.38000
-22.15000
20.58000
23.96000
27.79000
30.09000
35.95000
-22.49000
-26.72000
-43.13000
-43.33000
-20.44000
22.22000
45.66000
42.59000
53.78000
20.26000
33.63000
-21.56000
-30.58000
-21.95000
-33.33000
-32.41000
-24.65000
25.36000
26.61000
30.15000
21.76000
-24.32000
-24.65000
-48.03000
-42.47000
-23.08000
29.76000
39.48000
24.86000
28.99000
36.00000
25.26000
-21.34000
-64.57000
-27.10000
41.11000
20.50000
36.82000
38.40000
41.92000
44.78000
34.80000
25.46000
-25.40000
-37.46000
-21.67000
-32.86000
-20.73000
36.10000
31.37000
32.27000
26.94000
35.42000
-31.66000
-38.72000
-51.91000
-23.82000
21.11000
23.51000
38.44000
31.51000
40.65000
-40.95000
-31.80000
-25.80000
-21.34000
26.57000
30.59000
27.94000
56.12000
25.67000
23.18000
34.33000
22.55000
-29.28000
-36.46000
-27.55000
40.40000
28.55000
44.44000
20.43000
28.17000
-37.54000
-28.02000
-35.47000
-24.51000
-29.16000
25.85000
27.38000
27.50000
22.59000
26.71000
34.51000
22.34000
-35.39000
-37.03000
-59.48000
-57.47000
-24.67000
20.95000
23.65000
23.15000
46.90000
21.00000
-26.98000
-26.25000
-23.61000
-32.97000
-33.84000
-49.18000
-25.39000
27.60000
36.55000
37.28000
-21.32000
-38.26000
-34.00000
-23.63000
-22.53000
-29.42000
25.27000
22.59000
33.51000
29.66000
20.07000
-21.33000
-57.57000
-34.46000
-27.24000
26.15000
22.65000
35.71000
43.65000
-22.16000
-36.13000
-28.29000
-59.15000
-35.54000
-29.36000
-24.25000
-30.91000
36.85000
28.06000
33.64000
41.36000
26.04000
31.90000
-23.61000
-40.70000
-38.46000
-30.86000
-21.82000
20.98000
45.07000
32.73000
20.78000
25.49000
23.05000
-24.56000
-52.08000
-25.97000
23.72000
34.28000
29.56000
31.36000
24.38000
20.98000
-51.80000
-41.21000
-46.05000
-24.66000
24.39000
37.87000
22.25000
36.35000
27.04000
24.79000
-33.56000
-30.80000
-38.93000
-47.77000
-23.33000
-26.01000
30.64000
30.40000
28.45000
25.47000
21.38000
-39.58000
-22.02000
