51.18000
36.77000
-34.45000
-38.20000
-36.10000
37.76000
32.87000
-42.13000
-46.24000
58.76000
41.61000
32.63000
-33.08000
-30.87000
-31.59000
30.32000
-33.85000
-32.15000
-43.54000
-45.24000
-53.72000
37.00000
32.79000
-55.48000
34.42000
50.24000
32.72000
-46.14000
-38.08000
-33.94000
41.70000
32.27000
-34.10000
31.20000
44.06000
55.56000
-34.90000
-40.79000
-44.58000
-32.11000
-36.45000
39.69000
35.74000
-32.79000
-45.60000
-52.77000
56.99000
40.31000
30.94000
31.28000
-30.10000
-30.97000
-50.73000
-31.34000
36.63000
51.84000
-33.88000
-35.72000
-31.32000
44.71000
42.91000
32.11000
-41.83000
-45.00000
-37.65000
34.58000
34.41000
30.04000
-35.58000
-45.03000
30.67000
31.78000
-44.37000
-34.80000
39.61000
42.29000
35.29000
-34.25000
-40.20000
31.86000
-36.26000
-30.88000
38.93000
31.59000
-31.71000
-40.11000
59.25000
34.68000
43.14000
-38.07000
-42.39000
-36.74000
-36.69000
45.77000
30.39000
-33.29000
-35.07000
-47.49000
31.09000
41.92000
41.24000
-51.99000
-40.84000
-45.26000
32.52000
30.17000
31.49000
-50.49000
-35.21000
-33.39000
30.09000
35.95000
-43.13000
-43.33000
45.66000
42.59000
53.78000
33.63000
-30.58000
-33.33000
-32.41000
30.15000
-48.03000
-42.47000
39.48000
36.00000
-64.57000
41.11000
36.82000
38.40000
41.92000
44.78000
34.80000
-37.46000
-32.86000
36.10000
31.37000
32.27000
35.42000
-31.66000
-38.72000
-51.91000
38.44000
31.51000
40.65000
-40.95000
-31.80000
30.59000
56.12000
34.33000
-36.46000
40.40000
44.44000
-37.54000
-35.47000
34.51000
-35.39000
-37.03000
-59.48000
-57.47000
46.90000
-32.97000
-33.84000
-49.18000
36.55000
37.28000
-38.26000
-34.00000
33.51000
-57.57000
-34.46000
35.71000
43.65000
-36.13000
-59.15000
-35.54000
-30.91000
36.85000
33.64000
41.36000
31.90000
-40.70000
-38.46000
-30.86000
45.07000
32.73000
-52.08000
34.28000
31.36000
-51.80000
-41.21000
-46.05000
37.87000
36.35000
-33.56000
-30.80000
-38.93000
-47.77000
30.64000
30.40000
-39.58000
