12.22000
25.61000
19.44000
24.49000
51.18000
36.77000
29.52000
21.31000
27.19000
8.97000
-14.53000
-14.64000
-14.91000
-34.45000
-38.20000
-24.62000
-36.10000
-28.49000
-19.22000
-9.81000
13.46000
20.59000
29.85000
20.68000
37.76000
22.90000
19.03000
32.87000
8.44000
25.59000
6.88000
-11.78000
-10.45000
-21.12000
-42.13000
-21.47000
-10.24000
-16.27000
-46.24000
-8.18000
-10.24000
7.20000
5.43000
9.36000
17.37000
24.71000
58.76000
41.61000
32.63000
26.63000
15.04000
-12.07000
-22.60000
-24.73000
-11.12000
-33.08000
-30.87000
-31.59000
-26.29000
-13.52000
7.44000
10.08000
18.38000
22.56000
20.35000
30.32000
15.50000
25.92000
23.54000
13.36000
10.15000
8.35000
-11.07000
-26.72000
-33.85000
-32.15000
-43.54000
-29.05000
-21.98000
-45.24000
-53.72000
5.12000
-15.32000
5.90000
19.32000
17.44000
26.05000
29.29000
27.78000
37.00000
16.98000
26.29000
25.79000
32.79000
8.30000
-5.34000
-14.08000
-11.08000
-55.48000
15.03000
-21.34000
-28.23000
-25.76000
-20.13000
-15.39000
-6.74000
14.27000
6.56000
34.42000
21.31000
26.14000
29.98000
50.24000
28.97000
32.72000
17.25000
16.06000
-8.10000
-17.61000
-21.74000
-20.36000
-23.17000
-46.14000
-38.08000
-33.94000
-17.43000
-7.09000
12.84000
6.97000
22.15000
20.38000
41.70000
16.00000
32.27000
28.56000
12.36000
15.21000
-5.13000
-15.57000
-16.38000
-29.29000
-5.71000
-34.10000
-27.26000
-15.91000
-25.40000
-27.23000
-10.80000
-7.71000
13.42000
18.75000
29.59000
31.20000
44.06000
28.53000
55.56000
20.61000
15.61000
10.56000
-10.98000
-18.49000
-34.90000
-40.79000
-44.58000
-32.11000
-36.45000
-15.39000
-10.04000
-9.82000
12.81000
15.06000
39.69000
27.55000
14.52000
28.47000
17.43000
35.74000
-11.84000
-16.34000
-32.79000
-45.60000
-23.97000
-52.77000
-14.37000
-18.44000
-13.48000
-10.34000
5.94000
7.49000
25.53000
56.99000
21.46000
40.31000
23.64000
30.94000
31.28000
29.66000
5.06000
6.05000
-7.23000
-18.23000
-30.10000
-22.08000
-30.97000
-50.73000
-27.52000
-31.34000
-23.25000
-17.80000
-10.48000
6.43000
14.67000
8.29000
5.13000
13.08000
26.08000
36.63000
51.84000
10.23000
22.27000
27.35000
9.41000
-15.49000
-11.36000
-15.28000
-6.14000
-24.31000
-33.88000
-35.72000
-22.01000
-20.55000
-31.32000
-14.03000
15.54000
27.11000
44.71000
42.91000
28.46000
32.11000
25.93000
21.01000
10.81000
13.25000
13.52000
-23.44000
-21.07000
-18.96000
-41.83000
-45.00000
-18.07000
-24.52000
-37.65000
-19.08000
-13.26000
14.51000
22.34000
34.58000
26.17000
16.88000
34.41000
23.14000
30.04000
26.92000
14.41000
11.44000
-10.38000
-17.70000
-25.80000
-14.52000
-35.58000
-14.66000
-16.29000
-23.99000
-21.09000
-45.03000
-19.03000
-9.59000
9.02000
12.57000
14.39000
30.67000
-5.97000
19.88000
31.78000
26.60000
11.66000
20.76000
11.26000
-7.26000
-18.12000
-25.02000
-18.49000
-44.37000
-17.46000
-24.30000
-34.80000
-10.86000
-10.09000
8.64000
8.45000
22.06000
21.27000
28.40000
39.61000
42.29000
35.29000
-5.13000
-17.84000
-26.85000
-12.55000
-34.25000
-26.91000
-40.20000
-18.73000
-29.28000
-23.46000
-6.60000
5.74000
13.05000
12.69000
24.24000
26.86000
27.38000
31.86000
19.37000
20.07000
20.30000
14.25000
-10.33000
-14.78000
-21.18000
-25.89000
-22.54000
-36.26000
-24.21000
-30.88000
-6.21000
-14.65000
-9.58000
5.88000
13.69000
17.23000
20.49000
13.48000
25.50000
38.93000
20.91000
19.17000
31.59000
22.80000
-9.70000
-15.31000
-8.63000
-20.92000
-28.79000
-31.71000
-40.11000
-27.35000
-22.53000
-11.09000
26.94000
59.25000
5.85000
11.51000
34.68000
43.14000
25.17000
5.16000
22.93000
5.06000
-10.16000
-7.17000
-38.07000
-22.97000
-42.39000
-15.69000
-36.74000
-36.69000
-28.32000
-25.13000
-12.99000
6.92000
6.83000
16.08000
45.77000
6.11000
29.72000
8.29000
23.44000
30.39000
7.94000
-10.91000
-7.19000
-13.79000
-19.71000
-33.29000
-35.07000
-47.49000
-22.57000
-29.79000
-12.48000
13.10000
15.18000
31.09000
6.84000
41.92000
41.24000
28.10000
23.53000
28.30000
5.90000
8.00000
-7.44000
-19.37000
-22.28000
-29.91000
-21.69000
-51.99000
-40.84000
-45.26000
-27.67000
-28.53000
-8.81000
-5.54000
5.82000
22.24000
10.70000
32.52000
30.17000
31.49000
11.78000
19.41000
23.41000
25.05000
5.15000
-8.00000
-13.78000
-13.48000
-18.76000
-50.49000
-19.00000
-35.21000
-21.07000
-33.39000
-29.38000
-22.15000
-5.06000
12.83000
20.58000
23.96000
27.79000
11.91000
30.09000
9.49000
35.95000
15.56000
13.00000
-9.11000
-7.18000
-22.49000
-19.30000
-26.72000
-43.13000
-43.33000
-10.40000
-20.44000
5.40000
22.22000
45.66000
42.59000
53.78000
20.26000
14.00000
33.63000
12.20000
15.30000
6.43000
-7.30000
-21.56000
-30.58000
-21.95000
-33.33000
-32.41000
-24.65000
-10.24000
7.13000
19.39000
9.40000
25.36000
8.81000
26.61000
30.15000
17.46000
21.76000
9.95000
11.58000
6.23000
-12.99000
-11.63000
-24.32000
-24.65000
-48.03000
-42.47000
7.13000
-23.08000
-8.43000
-11.54000
-5.98000
5.99000
8.70000
8.52000
5.78000
29.76000
39.48000
24.86000
28.99000
36.00000
25.26000
5.82000
-12.26000
-21.34000
-7.53000
-19.79000
-7.90000
-64.57000
-27.10000
-8.87000
-14.36000
-9.16000
18.53000
41.11000
20.50000
36.82000
38.40000
41.92000
44.78000
34.80000
25.46000
8.55000
-11.22000
-25.40000
-37.46000
-16.77000
-21.67000
-18.94000
9.24000
-32.86000
-20.73000
-17.21000
-16.38000
8.52000
36.10000
31.37000
14.25000
5.74000
32.27000
26.94000
16.50000
35.42000
15.95000
14.87000
-9.93000
-6.03000
-9.24000
-31.66000
-38.72000
-51.91000
-23.82000
-16.19000
-5.55000
15.54000
21.11000
23.51000
38.44000
31.51000
12.24000
40.65000
5.78000
17.42000
8.26000
-9.20000
-10.81000
6.93000
-40.95000
-18.60000
-31.80000
-25.80000
-21.34000
-17.92000
-7.20000
-18.03000
-6.33000
5.46000
26.57000
30.59000
10.92000
27.94000
56.12000
25.67000
23.18000
34.33000
22.55000
11.99000
-9.77000
-8.87000
-12.93000
-12.13000
-19.48000
-29.28000
-36.46000
-10.11000
-27.55000
-12.47000
-14.12000
-6.45000
19.62000
6.49000
40.40000
8.55000
28.55000
44.44000
20.43000
28.17000
14.73000
6.19000
12.94000
5.14000
-6.42000
-17.89000
-13.21000
-10.08000
-37.54000
-28.02000
-35.47000
-24.51000
-29.16000
-18.54000
-16.26000
9.12000
11.15000
25.85000
27.38000
27.50000
22.59000
26.71000
34.51000
22.34000
15.27000
18.15000
6.69000
-8.01000
-19.92000
-35.39000
-37.03000
-59.48000
-57.47000
-15.51000
-24.67000
-17.15000
-11.42000
-10.25000
15.22000
20.95000
23.65000
11.03000
23.15000
46.90000
5.88000
11.21000
21.00000
-12.95000
-26.98000
-26.25000
-23.61000
-32.97000
-33.84000
-49.18000
-25.39000
-19.89000
-16.01000
-6.26000
10.66000
27.60000
36.55000
18.49000
-9.14000
37.28000
5.20000
5.58000
7.48000
-8.98000
-6.11000
-11.51000
-21.32000
-38.26000
-34.00000
-23.63000
-22.53000
-29.42000
-13.79000
-7.52000
-5.66000
5.07000
9.73000
25.27000
19.81000
22.59000
18.04000
33.51000
29.66000
20.07000
19.95000
-11.58000
-14.45000
-13.92000
-21.33000
-57.57000
-34.46000
-12.17000
-27.24000
-6.39000
-8.75000
7.03000
26.15000
19.49000
16.80000
12.70000
22.65000
35.71000
43.65000
10.29000
11.34000
6.03000
-22.16000
-19.61000
-36.13000
-28.29000
-59.15000
-35.54000
-29.36000
-24.25000
-30.91000
-15.18000
12.70000
36.85000
28.06000
33.64000
41.36000
26.04000
18.02000
31.90000
11.27000
9.53000
-16.14000
-23.61000
-40.70000
-38.46000
-17.54000
-9.86000
-30.86000
-19.79000
-21.82000
-8.68000
11.07000
20.98000
45.07000
19.74000
32.73000
9.18000
20.78000
25.49000
19.63000
23.05000
7.33000
-9.76000
-24.56000
-18.26000
-13.64000
-52.08000
-25.97000
-9.18000
-12.53000
-11.84000
10.57000
23.72000
34.28000
29.56000
31.36000
16.92000
24.38000
20.98000
9.25000
5.65000
-7.44000
-9.86000
-10.84000
-51.80000
-41.21000
-46.05000
-6.45000
-24.66000
-12.63000
-12.65000
-6.31000
7.64000
7.84000
24.39000
37.87000
22.25000
36.35000
27.04000
24.79000
16.53000
5.69000
-6.92000
-14.46000
-33.56000
-13.75000
-30.80000
-38.93000
-14.92000
-47.77000
-23.33000
-26.01000
7.56000
30.64000
30.40000
28.45000
25.47000
21.38000
18.05000
16.52000
15.36000
14.57000
-12.08000
-14.61000
-39.58000
-17.79000
-15.07000
-22.02000
