25.61000
51.18000
36.77000
29.52000
27.19000
-34.45000
-38.20000
-36.10000
-28.49000
29.85000
37.76000
32.87000
25.59000
-42.13000
-46.24000
58.76000
41.61000
32.63000
26.63000
-33.08000
-30.87000
-31.59000
-26.29000
30.32000
25.92000
-26.72000
-33.85000
-32.15000
-43.54000
-29.05000
-45.24000
-53.72000
26.05000
29.29000
27.78000
37.00000
26.29000
25.79000
32.79000
-55.48000
-28.23000
-25.76000
34.42000
26.14000
29.98000
50.24000
28.97000
32.72000
-46.14000
-38.08000
-33.94000
41.70000
32.27000
28.56000
-29.29000
-34.10000
-27.26000
-25.40000
-27.23000
29.59000
31.20000
44.06000
28.53000
55.56000
-34.90000
-40.79000
-44.58000
-32.11000
-36.45000
39.69000
27.55000
28.47000
35.74000
-32.79000
-45.60000
-52.77000
25.53000
56.99000
40.31000
30.94000
31.28000
29.66000
-30.10000
-30.97000
-50.73000
-27.52000
-31.34000
26.08000
36.63000
51.84000
27.35000
-33.88000
-35.72000
-31.32000
27.11000
44.71000
42.91000
28.46000
32.11000
25.93000
-41.83000
-45.00000
-37.65000
34.58000
26.17000
34.41000
30.04000
26.92000
-25.80000
-35.58000
-45.03000
30.67000
31.78000
26.60000
-25.02000
-44.37000
-34.80000
28.40000
39.61000
42.29000
35.29000
-26.85000
-34.25000
-26.91000
-40.20000
-29.28000
26.86000
27.38000
31.86000
-25.89000
-36.26000
-30.88000
25.50000
38.93000
31.59000
-28.79000
-31.71000
-40.11000
-27.35000
26.94000
59.25000
34.68000
43.14000
25.17000
-38.07000
-42.39000
-36.74000
-36.69000
-28.32000
-25.13000
45.77000
29.72000
30.39000
-33.29000
-35.07000
-47.49000
-29.79000
31.09000
41.92000
41.24000
28.10000
28.30000
-29.91000
-51.99000
-40.84000
-45.26000
-27.67000
-28.53000
32.52000
30.17000
31.49000
25.05000
-50.49000
-35.21000
-33.39000
-29.38000
27.79000
30.09000
35.95000
-26.72000
-43.13000
-43.33000
45.66000
42.59000
53.78000
33.63000
-30.58000
-33.33000
-32.41000
25.36000
26.61000
30.15000
-48.03000
-42.47000
29.76000
39.48000
28.99000
36.00000
25.26000
-64.57000
-27.10000
41.11000
36.82000
38.40000
41.92000
44.78000
34.80000
25.46000
-25.40000
-37.46000
-32.86000
36.10000
31.37000
32.27000
26.94000
35.42000
-31.66000
-38.72000
-51.91000
38.44000
31.51000
40.65000
-40.95000
-31.80000
-25.80000
26.57000
30.59000
27.94000
56.12000
25.67000
34.33000
-29.28000
-36.46000
-27.55000
40.40000
28.55000
44.44000
28.17000
-37.54000
-28.02000
-35.47000
-29.16000
25.85000
27.38000
27.50000
26.71000
34.51000
-35.39000
-37.03000
-59.48000
-57.47000
46.90000
-26.98000
-26.25000
-32.97000
-33.84000
-49.18000
-25.39000
27.60000
36.55000
37.28000
-38.26000
-34.00000
-29.42000
25.27000
33.51000
29.66000
-57.57000
-34.46000
-27.24000
26.15000
35.71000
43.65000
-36.13000
-28.29000
-59.15000
-35.54000
-29.36000
-30.91000
36.85000
28.06000
33.64000
41.36000
26.04000
31.90000
-40.70000
-38.46000
-30.86000
45.07000
32.73000
25.49000
-52.08000
-25.97000
34.28000
29.56000
31.36000
-51.80000
-41.21000
-46.05000
37.87000
36.35000
27.04000
-33.56000
-30.80000
-38.93000
-47.77000
-26.01000
30.64000
30.40000
28.45000
25.47000
-39.58000
