5.70000
19.26000
11.20000
25.08000
25.74000
13.76000
42.32000
16.22000
17.55000
27.94000
15.59000
-5.42000
-13.83000
-13.76000
-11.57000
-27.60000
-45.21000
-41.40000
-30.63000
-21.75000
-7.15000
8.13000
24.36000
42.29000
26.56000
26.76000
20.44000
28.80000
31.28000
17.17000
16.01000
-20.21000
-18.38000
-29.38000
-38.37000
-49.19000
-18.16000
-38.17000
-12.09000
-13.77000
-7.83000
10.84000
17.08000
10.88000
53.01000
32.48000
12.95000
32.24000
39.75000
23.39000
19.46000
5.71000
-9.49000
-15.59000
-23.36000
-27.16000
-11.51000
-27.43000
-57.97000
-37.06000
-16.16000
-20.57000
-12.56000
14.91000
23.02000
31.66000
25.18000
38.10000
22.55000
9.25000
38.06000
11.04000
7.20000
-16.24000
-22.55000
-39.06000
-17.75000
-13.91000
-39.17000
-27.14000
-9.28000
-12.13000
