========== FFT ===========
=====================
windows Size
4
=====================
0.010s
0.010s
0.004s
=====================
windows Size
8
=====================
0.004s
0.004s
0.004s
=====================
windows Size
16
=====================
0.004s
0.004s
0.004s
=====================
windows Size
32
=====================
0.004s
0.004s
0.007s
=====================
windows Size
64
=====================
0.004s
0.005s
0.004s
=====================
windows Size
128
=====================
0.005s
0.004s
0.003s
=====================
windows Size
256
=====================
0.003s
0.003s
0.003s
========== outlier ===========
=====================
windows Size
4
=====================
0.003s
0.003s
0.003s
=====================
windows Size
8
=====================
0.003s
0.003s
0.003s
=====================
windows Size
16
=====================
0.008s
0.003s
0.004s
=====================
windows Size
32
=====================
0.004s
0.004s
0.007s
=====================
windows Size
64
=====================
0.004s
0.003s
0.003s
=====================
windows Size
128
=====================
0.005s
0.003s
0.003s
=====================
windows Size
256
=====================
0.004s
0.006s
0.003s
========== min_max ===========
0.003s
0.003s
0.003s
