========== FFT ===========
=====================
windows Size
4
=====================
******************
Input Size
16
******************
0.012s
0.005s
0.005s
******************
Input Size
256
******************
0.005s
0.005s
0.005s
******************
Input Size
4096
******************
0.006s
0.006s
0.006s
******************
Input Size
65536
******************
0.032s
0.023s
0.032s
=====================
windows Size
16
=====================
******************
Input Size
16
******************
0.004s
0.004s
0.003s
******************
Input Size
256
******************
0.005s
0.004s
0.003s
******************
Input Size
4096
******************
0.005s
0.005s
0.005s
******************
Input Size
65536
******************
0.037s
0.054s
0.037s
=====================
windows Size
64
=====================
******************
Input Size
16
******************
0.003s
0.005s
0.003s
******************
Input Size
256
******************
0.003s
0.006s
0.003s
******************
Input Size
4096
******************
0.009s
0.008s
0.008s
******************
Input Size
65536
******************
0.073s
0.038s
0.040s
=====================
windows Size
256
=====================
******************
Input Size
16
******************
0.003s
0.003s
0.005s
******************
Input Size
256
******************
0.003s
0.002s
0.003s
******************
Input Size
4096
******************
0.006s
0.005s
0.005s
******************
Input Size
65536
******************
0.092s
0.061s
0.061s
========== outlier ===========
=====================
windows Size
4
=====================
******************
Input Size
16
******************
0.003s
0.003s
0.004s
******************
Input Size
256
******************
0.003s
0.004s
0.005s
******************
Input Size
4096
******************
0.004s
0.004s
0.005s
******************
Input Size
65536
******************
0.008s
0.006s
0.006s
=====================
windows Size
16
=====================
******************
Input Size
16
******************
0.003s
0.003s
0.003s
******************
Input Size
256
******************
0.003s
0.003s
0.003s
******************
Input Size
4096
******************
0.006s
0.005s
0.004s
******************
Input Size
65536
******************
0.011s
0.011s
0.011s
=====================
windows Size
64
=====================
******************
Input Size
16
******************
0.004s
0.003s
0.007s
******************
Input Size
256
******************
0.004s
0.007s
0.004s
******************
Input Size
4096
******************
0.004s
0.008s
0.005s
******************
Input Size
65536
******************
0.023s
0.020s
0.020s
=====================
windows Size
256
=====================
******************
Input Size
16
******************
0.004s
0.004s
0.004s
******************
Input Size
256
******************
0.004s
0.004s
0.004s
******************
Input Size
4096
******************
0.010s
0.005s
0.008s
******************
Input Size
65536
******************
0.038s
0.056s
0.057s
========== min_max ===========
******************
Input Size
16
******************
0.003s
0.003s
0.003s
******************
Input Size
256
******************
0.002s
0.003s
0.003s
******************
Input Size
4096
******************
0.003s
0.005s
0.002s
******************
Input Size
65536
******************
0.003s
0.003s
0.003s
