Data: 4.32000 12.22000 25.61000 19.44000 24.49000 51.18000 36.77000 29.52000 21.31000 27.19000 8.97000 2.84000 -4.25000 -14.53000 -14.64000 -14.91000 
FFT : 215.53000 (-115.24814, -164.17699) (1.91810, -19.82512) (30.23643, -15.09744) (-10.84001, -39.17000) (-15.04423, 23.65980) (8.86190, 5.07488) (32.09591, -10.45978) -10.37000 (32.09593, 10.45976) (8.86189, -5.07488) (-15.04422, -23.65980) (-10.84000, 39.17000) (30.23643, 15.09743) (1.91810, 19.82512) (-115.24811, 164.17702) 
Data: -34.45000 -38.20000 -24.62000 -36.10000 -28.49000 -19.22000 -3.15000 -9.81000 -1.89000 13.46000 20.59000 29.85000 20.68000 37.76000 22.90000 -2.45000 
FFT : -53.14000 (-90.46869, 235.71690) (-63.38329, 50.13387) (-27.67752, 8.70253) (-59.87000, -12.31000) (-10.34616, 6.26567) (6.32329, 2.57387) (-1.74761, 36.60005) -3.72000 (-1.74763, -36.60005) (6.32330, -2.57387) (-10.34616, -6.26567) (-59.87000, 12.31000) (-27.67751, -8.70253) (-63.38330, -50.13387) (-90.46873, -235.71690) 
Data: 19.03000 32.87000 8.44000 25.59000 6.88000 -0.74000 -11.78000 -10.45000 -2.65000 -21.12000 -42.13000 -21.47000 -10.24000 -16.27000 -46.24000 -8.18000 
FFT : -98.46001 (97.11495, -154.86330) (23.98971, -60.75306) (2.68836, -66.83618) (104.73001, -9.25000) (17.88866, 19.17440) (15.49029, -12.09307) (-30.97200, -0.37271) -58.92000 (-30.97198, 0.37273) (15.49029, 12.09307) (17.88866, -19.17440) (104.73001, 9.25000) (2.68836, 66.83618) (23.98972, 60.75307) (97.11497, 154.86328) 
Data: -10.24000 -1.56000 7.20000 5.43000 9.36000 17.37000 24.71000 58.76000 41.61000 32.63000 26.63000 15.04000 4.41000 -1.16000 0.55000 -12.07000 
FFT : 218.67000 (-190.46732, -30.55713) (46.64795, -0.53727) (-35.21866, -28.83203) (-13.95000, 19.87999) (-6.83577, -32.04280) (-11.44794, 16.60273) (25.12176, -13.96793) -10.21001 (25.12176, 13.96791) (-11.44794, -16.60273) (-6.83577, 32.04279) (-13.95000, -19.87999) (-35.21865, 28.83203) (46.64795, 0.53727) (-190.46732, 30.55716) 
Data: -22.60000 -24.73000 -11.12000 -33.08000 -30.87000 -3.90000 -31.59000 -26.29000 -13.52000 -4.44000 -1.11000 7.44000 10.08000 18.38000 22.56000 20.35000 
FFT : -124.44001 (39.49578, 169.95059) (-32.26521, 47.99522) (-13.35642, 42.22071) (-35.65000, -16.89000) (-67.22696, 33.38477) (1.60521, 41.59521) (4.76763, -2.68533) -31.90000 (4.76761, 2.68534) (1.60521, -41.59521) (-67.22697, -33.38476) (-35.65000, 16.89000) (-13.35643, -42.22071) (-32.26521, -47.99522) (39.49575, -169.95062) 
Data: 30.32000 15.50000 25.92000 23.54000 13.36000 10.15000 8.35000 -0.36000 -11.07000 -26.72000 -33.85000 -32.15000 -43.54000 -29.05000 -21.98000 -45.24000 
FFT : -116.82000 (66.06014, -241.60898) (28.70470, -37.28646) (4.32006, -50.96739) (10.63000, -24.09000) (36.82549, -37.34676) (70.15530, -25.88646) (58.35427, -0.38834) 51.84000 (58.35429, 0.38834) (70.15530, 25.88646) (36.82550, 37.34676) (10.63000, 24.09000) (4.32006, 50.96740) (28.70470, 37.28646) (66.06018, 241.60898) 
Data: -53.72000 5.12000 -15.32000 -4.09000 5.90000 19.32000 17.44000 26.05000 29.29000 27.78000 37.00000 16.98000 26.29000 25.79000 32.79000 8.30000 
FFT : 204.92001 (-152.07289, 95.56253) (-50.07926, 52.35828) (-58.84386, 21.45706) (-64.15000, -30.77000) (-54.89267, -33.46277) (-63.16074, -4.74172) (-66.23059, -40.91730) -45.57999 (-66.23059, 40.91729) (-63.16074, 4.74172) (-54.89267, 33.46277) (-64.15000, 30.77000) (-58.84386, -21.45706) (-50.07927, -52.35829) (-152.07289, -95.56253) 
Data: 1.10000 -5.34000 -14.08000 -11.08000 -55.48000 15.03000 -21.34000 -28.23000 -25.76000 -20.13000 -2.10000 -15.39000 -6.74000 1.69000 14.27000 6.56000 
FFT : -167.02000 (85.91925, 73.73840) (11.12128, 42.33695) (37.46714, 10.14317) (-63.63000, -39.39000) (-17.16500, 40.32075) (63.99872, 24.11695) (1.21862, -91.04401) -53.24001 (1.21863, 91.04401) (63.99872, -24.11695) (-17.16501, -40.32074) (-63.63000, 39.39000) (37.46714, -10.14317) (11.12128, -42.33695) (85.91925, -73.73842) 
Data: 34.42000 21.31000 26.14000 29.98000 50.24000 28.97000 32.72000 17.25000 16.06000 0.67000 -8.10000 -2.37000 -17.61000 -21.74000 -20.36000 -23.17000 
FFT : 164.41000 (-20.26231, -229.69864) (4.57053, -39.81911) (41.07485, -18.52096) (52.71000, -7.52000) (22.28894, -30.73184) (31.12946, -28.45912) (30.33849, 29.49049) 62.61000 (30.33851, -29.49050) (31.12946, 28.45912) (22.28894, 30.73184) (52.71000, 7.52000) (41.07484, 18.52095) (4.57053, 39.81911) (-20.26228, 229.69867) 
Data: -46.14000 -38.08000 -33.94000 -17.43000 -1.43000 -7.09000 1.80000 12.84000 6.97000 22.15000 20.38000 41.70000 16.00000 32.27000 28.56000 12.36000 
FFT : 50.92000 (-136.25224, 188.62045) (-82.15154, 73.64677) (-38.58975, 57.41352) (-41.40000, 40.22000) (-28.65452, -22.39090) (-25.32845, -14.19323) (-8.94345, 39.09602) -66.52000 (-8.94348, -39.09602) (-25.32844, 14.19323) (-28.65453, 22.39090) (-41.40000, -40.22000) (-38.58975, -57.41352) (-82.15155, -73.64677) (-136.25227, -188.62045) 
Data: 15.21000 4.80000 4.22000 -5.13000 -15.57000 -16.38000 -29.29000 -5.71000 -34.10000 -27.26000 -15.91000 -25.40000 -27.23000 -10.80000 -7.71000 0.31000 
FFT : -195.95001 (123.87712, -34.17156) (45.01714, -10.87795) (10.50688, -5.75090) (-13.00000, 13.71000) (29.12627, -31.12151) (2.80287, 39.74205) (33.72972, -12.90217) -24.81001 (33.72972, 12.90218) (2.80286, -39.74205) (29.12627, 31.12151) (-13.00000, -13.71000) (10.50688, 5.75090) (45.01714, 10.87795) (123.87712, 34.17155) 
Data: -0.77000 13.42000 18.75000 29.59000 31.20000 44.06000 28.53000 55.56000 20.61000 15.61000 10.56000 3.90000 -4.51000 -10.98000 -18.49000 -34.90000 
FFT : 202.14001 (-145.66617, -183.11362) (-18.78597, -25.47840) (-2.26280, -53.98618) (7.18000, -7.96000) (14.41671, -47.32745) (5.08597, 13.06160) (47.99223, -33.61491) -30.38000 (47.99225, 33.61490) (5.08596, -13.06160) (14.41671, 47.32745) (7.18000, 7.96000) (-2.26280, 53.98618) (-18.78596, 25.47840) (-145.66614, 183.11365) 
Data: -40.79000 -44.58000 -32.11000 -36.45000 -15.39000 -10.04000 -9.82000 -1.88000 -0.72000 0.15000 12.81000 15.06000 39.69000 27.55000 14.52000 28.47000 
FFT : -53.53000 (-73.23460, 215.10376) (-75.68121, 101.72517) (-18.16033, 29.16200) (-2.61000, 32.12000) (-32.87515, 41.37357) (-55.93879, 53.72517) (-36.00990, 6.99532) -10.09000 (-36.00991, -6.99533) (-55.93879, -53.72517) (-32.87516, -41.37356) (-2.61001, -32.12000) (-18.16032, -29.16200) (-75.68121, -101.72517) (-73.23463, -215.10376) 
Data: 17.43000 35.74000 4.34000 -1.09000 4.33000 -2.33000 -11.84000 -16.34000 -32.79000 -45.60000 -23.97000 -2.12000 -52.77000 -14.37000 -18.44000 -13.48000 
FFT : -173.30000 (139.14859, -123.89320) (19.10050, -34.30273) (77.26257, -35.08948) (-13.89000, -6.47000) (-7.52515, -99.91928) (47.05950, -13.00272) (-8.00603, 39.67701) -54.12001 (-8.00602, -39.67699) (47.05950, 13.00272) (-7.52514, 99.91928) (-13.89000, 6.47000) (77.26257, 35.08948) (19.10051, 34.30273) (139.14862, 123.89319) 
Data: -10.34000 -0.55000 5.94000 7.49000 25.53000 56.99000 21.46000 40.31000 23.64000 30.94000 31.28000 29.66000 5.06000 6.05000 -1.73000 -7.23000 
FFT : 264.50000 (-169.28809, -51.67180) (-43.25496, 2.71911) (37.63725, 18.17182) (-13.06000, -23.20000) (-36.96547, -25.80874) (8.67496, 37.69912) (32.69630, -13.77239) -62.82001 (32.69630, 13.77237) (8.67496, -37.69912) (-36.96547, 25.80875) (-13.06000, 23.20000) (37.63726, -18.17183) (-43.25496, -2.71911) (-169.28806, 51.67183) 
Data: -18.23000 -30.10000 -22.08000 -30.97000 -50.73000 -27.52000 -31.34000 -23.25000 -17.80000 -10.48000 -2.10000 6.43000 14.67000 8.29000 5.13000 13.08000 
FFT : -217.00000 (26.05976, 194.36453) (-4.90561, 23.22786) (-4.22659, -1.80901) (-21.70000, 25.10000) (-19.95379, 49.15863) (4.96561, 27.28785) (-3.59935, -16.26782) -27.95999 (-3.59937, 16.26782) (4.96561, -27.28785) (-19.95380, -49.15863) (-21.70000, -25.10000) (-4.22659, 1.80902) (-4.90561, -23.22786) (26.05973, -194.36453) 
Data: 26.08000 36.63000 51.84000 10.23000 22.27000 27.35000 9.41000 -1.15000 -15.49000 -11.36000 -15.28000 -6.14000 -24.31000 -33.88000 -35.72000 -22.01000 
FFT : 18.47000 (65.01694, -223.99356) (15.84733, -104.62466) (77.84817, -66.70561) (-1.70000, -37.81000) (-25.80673, -1.12012) (9.41266, 21.11535) (49.22159, 27.91193) 19.13000 (49.22161, -27.91193) (9.41266, -21.11535) (-25.80672, 1.12014) (-1.70000, 37.81000) (77.84816, 66.70560) (15.84734, 104.62466) (65.01698, 223.99356) 
Data: -20.55000 -31.32000 -14.03000 -2.68000 3.66000 15.54000 27.11000 44.71000 42.91000 28.46000 32.11000 25.93000 21.01000 10.81000 13.25000 13.52000 
FFT : 210.44000 (-202.69038, 73.17857) (1.77001, 67.66918) (-25.04417, 22.75064) (-11.41000, 57.99000) (-17.02303, 11.79983) (-6.39000, 23.10918) (-9.08241, -7.17226) 0.50001 (-9.08241, 7.17224) (-6.39000, -23.10918) (-17.02303, -11.79983) (-11.41001, -57.99000) (-25.04416, -22.75064) (1.77000, -67.66918) (-202.69038, -73.17855) 
Data: 0.23000 -3.75000 -23.44000 -21.07000 -18.96000 -41.83000 -45.00000 -18.07000 -24.52000 -37.65000 -19.08000 -13.26000 -4.61000 2.82000 14.51000 22.34000 
FFT : -231.34000 (146.49850, 110.47089) (24.88434, 41.01431) (-19.84546, 16.75180) (25.15000, 50.35000) (-8.64842, -44.87403) (-26.32434, 16.95431) (-19.00460, -8.55490) -10.40000 (-19.00462, 8.55493) (-26.32434, -16.95431) (-8.64842, 44.87403) (25.15000, -50.35000) (-19.84546, -16.75179) (24.88434, -41.01431) (146.49847, -110.47092) 
Data: 34.58000 26.17000 16.88000 34.41000 23.14000 30.04000 26.92000 14.41000 11.44000 1.72000 -10.38000 -17.70000 -25.80000 -14.52000 -35.58000 -14.66000 
FFT : 101.06999 (-3.15751, -222.20256) (45.43438, -35.89944) (39.31516, -26.98193) (45.52000, -26.95000) (56.80173, 2.07788) (51.92562, -5.57944) (-0.39939, 2.61723) -18.67000 (-0.39938, -2.61723) (51.92562, 5.57944) (56.80173, -2.07788) (45.52000, 26.95000) (39.31516, 26.98193) (45.43438, 35.89944) (-3.15748, 222.20256) 
Data: -16.29000 -23.99000 -21.09000 -45.03000 -19.03000 -9.59000 1.92000 9.02000 12.57000 14.39000 30.67000 -5.97000 19.88000 31.78000 26.60000 11.66000 
FFT : 17.50000 (-80.14391, 182.96655) (23.63649, 92.10434) (-25.52282, 22.25956) (-40.97000, -42.91000) (6.09973, -8.02294) (-32.77649, 54.22433) (-15.87299, -2.95595) 52.96000 (-15.87300, 2.95594) (-32.77649, -54.22433) (6.09972, 8.02294) (-40.97000, 42.91000) (-25.52282, -22.25956) (23.63649, -92.10434) (-80.14392, -182.96654) 
Data: 20.76000 11.26000 3.25000 -3.36000 -7.26000 -18.12000 -25.02000 -18.49000 -44.37000 -17.46000 -24.30000 -34.80000 -10.86000 -10.09000 -3.54000 2.25000 
FFT : -180.14999 (160.59903, -32.57397) (25.57320, -7.57364) (12.92255, 0.89392) (7.88000, -19.99000) (47.99855, 2.27819) (-36.55320, 7.44636) (38.99984, -16.78968) -2.53000 (38.99985, 16.78970) (-36.55320, -7.44636) (47.99855, -2.27820) (7.88001, 19.99000) (12.92255, -0.89392) (25.57320, 7.57364) (160.59903, 32.57396) 
Data: 8.64000 8.45000 22.06000 21.27000 28.40000 39.61000 42.29000 -0.80000 35.29000 -4.42000 0.65000 4.03000 -5.13000 2.90000 -17.84000 -26.85000 
FFT : 158.55000 (-73.65676, -155.92482) (-43.99077, -8.49183) (13.67334, -39.43911) (20.04000, -48.89000) (-12.21500, 8.81587) (85.31078, -11.97184) (-34.40161, 26.45014) 70.17000 (-34.40160, -26.45015) (85.31078, 11.97183) (-12.21499, -8.81587) (20.04000, 48.89000) (13.67334, 39.43910) (-43.99077, 8.49183) (-73.65674, 155.92484) 
Data: -12.55000 -34.25000 -26.91000 -40.20000 -18.73000 -29.28000 -23.46000 -6.60000 0.08000 5.74000 13.05000 12.69000 24.24000 26.86000 27.38000 31.86000 
FFT : -50.08000 (-5.10648, 237.92738) (0.88561, 73.54243) (-23.91144, 51.98967) (2.98000, 28.68000) (-16.73520, 9.51908) (-36.84561, 37.98244) (-4.76685, 23.57681) 16.28000 (-4.76687, -23.57680) (-36.84561, -37.98244) (-16.73520, -9.51908) (2.98000, -28.68000) (-23.91144, -51.98966) (0.88561, -73.54244) (-5.10652, -237.92740) 
Data: 19.37000 20.07000 20.30000 14.25000 2.65000 -3.41000 -10.33000 -14.78000 -21.18000 -25.89000 -22.54000 -36.26000 -24.21000 -30.88000 -6.21000 -14.65000 
FFT : -133.70001 (125.15437, -143.82169) (34.63460, -39.67806) (3.69596, -13.01892) (-4.59000, -11.33000) (10.99257, -11.98057) (4.86540, -11.07806) (22.35709, -35.34332) 49.40000 (22.35711, 35.34333) (4.86540, 11.07806) (10.99257, 11.98057) (-4.59000, 11.33000) (3.69597, 13.01892) (34.63460, 39.67806) (125.15438, 143.82167) 
Data: -9.58000 -0.15000 5.88000 13.69000 17.23000 20.49000 13.48000 25.50000 38.93000 20.91000 19.17000 31.59000 22.80000 3.14000 -2.54000 -9.70000 
FFT : 210.84000 (-134.70236, -1.26341) (-33.55490, -32.92611) (-16.74772, -20.77454) (33.39000, 16.69000) (-38.82169, -5.77373) (12.19490, -4.70611) (-3.76825, -8.54262) -0.10001 (-3.76826, 8.54261) (12.19490, 4.70611) (-38.82169, 5.77373) (33.39000, -16.69000) (-16.74771, 20.77453) (-33.55490, 32.92611) (-134.70236, 1.26342) 
Data: -3.25000 -15.31000 -8.63000 -20.92000 -28.79000 -31.71000 -40.11000 -27.35000 -22.53000 -11.09000 -3.00000 2.55000 -1.98000 26.94000 59.25000 5.85000 
FFT : -120.08000 (125.79395, 191.23813) (-12.51796, 43.85148) (-68.40903, 50.57475) (-64.06001, -8.70000) (-25.58519, -44.28353) (22.49796, -17.68852) (45.32030, -10.86012) 22.00000 (45.32027, 10.86014) (22.49797, 17.68852) (-25.58520, 44.28352) (-64.06001, 8.70000) (-68.40903, -50.57474) (-12.51797, -43.85148) (125.79393, -191.23816) 
Data: 11.51000 34.68000 43.14000 25.17000 5.16000 22.93000 5.06000 -1.36000 -10.16000 -7.17000 -38.07000 -22.97000 -42.39000 -15.69000 -36.74000 -36.69000 
FFT : -63.59000 (59.20391, -244.22249) (24.45201, -79.54410) (-12.49731, -77.53462) (-9.27000, -70.60000) (0.10316, 1.32780) (52.70799, -6.04411) (39.87022, 24.83992) -61.39000 (39.87024, -24.83992) (52.70800, 6.04410) (0.10316, -1.32780) (-9.26999, 70.60000) (-12.49731, 77.53462) (24.45201, 79.54411) (59.20394, 244.22249) 
Data: -28.32000 -25.13000 -12.99000 -3.88000 6.92000 6.83000 16.08000 45.77000 6.11000 29.72000 8.29000 4.26000 23.44000 30.39000 4.00000 7.94000 
FFT : 119.43001 (-137.74326, 58.82564) (-37.93289, 85.56290) (-60.55424, -6.42126) (-7.23000, 12.28000) (38.87240, 13.60798) (-67.20711, 36.00290) (21.70510, 12.77485) -72.37000 (21.70509, -12.77487) (-67.20711, -36.00290) (38.87240, -13.60798) (-7.23000, -12.28000) (-60.55424, 6.42126) (-37.93289, -85.56290) (-137.74326, -58.82561) 
Data: -0.24000 -10.91000 -7.19000 -13.79000 -19.71000 -33.29000 -35.07000 -47.49000 -22.57000 -29.79000 -3.79000 -12.48000 -3.10000 4.44000 13.10000 15.18000 
FFT : -206.70000 (143.26689, 105.90144) (-12.65014, -6.88171) (-11.76702, 45.37222) (-12.67000, 10.97000) (-6.88731, 5.66123) (12.65014, 15.09829) (-35.29253, -0.24950) 49.56001 (-35.29255, 0.24954) (12.65014, -15.09829) (-6.88731, -5.66123) (-12.67000, -10.97000) (-11.76703, -45.37222) (-12.65014, 6.88171) (143.26688, -105.90148) 
Data: 31.09000 6.84000 41.92000 41.24000 28.10000 23.53000 28.30000 5.90000 8.00000 1.10000 -7.44000 -19.37000 -22.28000 -29.91000 -21.69000 -51.99000 
FFT : 63.34000 (-22.79197, -250.34966) (-4.65921, -86.05074) (-3.04568, -35.01246) (3.82000, -25.78000) (50.11663, 4.72964) (71.19920, -30.31074) (68.08098, -9.08757) 108.66000 (68.08100, 9.08754) (71.19920, 30.31074) (50.11664, -4.72964) (3.82000, 25.78000) (-3.04567, 35.01247) (-4.65920, 86.05074) (-22.79193, 250.34969) 
Data: -40.84000 -45.26000 -27.67000 -28.53000 -8.81000 -5.54000 2.71000 5.82000 22.24000 10.70000 32.52000 30.17000 31.49000 11.78000 19.41000 23.41000 
FFT : 33.60000 (-145.11676, 193.04912) (-50.62088, 65.62903) (-8.78135, 52.92918) (-22.89000, 59.18999) (-55.87450, 24.79031) (-31.93912, 31.08903) (-42.54736, 3.71025) 28.50000 (-42.54739, -3.71025) (-31.93912, -31.08903) (-55.87450, -24.79030) (-22.89000, -59.18999) (-8.78136, -52.92918) (-50.62088, -65.62903) (-145.11679, -193.04912) 
Data: 25.05000 5.15000 1.03000 -8.00000 -13.78000 -13.48000 -18.76000 -50.49000 -19.00000 -35.21000 -21.07000 -33.39000 -29.38000 -22.15000 -5.06000 0.90000 
FFT : -237.63998 (160.52884, -48.78603) (47.35031, -13.51686) (38.39952, 32.88489) (6.75000, -25.29000) (-0.92836, 13.56429) (51.06969, -5.95686) (-21.80000, -5.70662) 75.69998 (-21.79998, 5.70664) (51.06969, 5.95686) (-0.92837, -13.56428) (6.75000, 25.29000) (38.39951, -32.88490) (47.35031, 13.51686) (160.52884, 48.78602) 
Data: 12.83000 20.58000 23.96000 27.79000 11.91000 30.09000 3.42000 9.49000 35.95000 15.56000 13.00000 3.96000 -9.11000 -7.18000 -22.49000 -19.30000 
FFT : 150.45999 (-60.79513, -116.47859) (25.94766, -94.77238) (-9.22820, -12.90543) (33.69000, -37.11000) (-15.86931, -2.80338) (66.01234, 17.28762) (-6.58738, -22.29655) -11.52000 (-6.58736, 22.29654) (66.01233, -17.28762) (-15.86931, 2.80338) (33.69000, 37.11000) (-9.22820, 12.90543) (25.94767, 94.77238) (-60.79511, 116.47861) 
Data: -26.72000 0.24000 0.58000 -43.13000 -43.33000 -10.40000 -20.44000 -3.34000 0.70000 5.40000 22.22000 1.33000 45.66000 42.59000 53.78000 20.26000 
FFT : 45.40000 (30.06031, 257.81128) (-5.60237, 70.83499) (-65.42369, -31.92847) (-79.82999, -62.71000) (-63.77567, 10.48503) (-51.09762, 49.75500) (-10.54094, -55.73521) 19.49999 (-10.54095, 55.73522) (-51.09762, -49.75500) (-63.77567, -10.48503) (-79.82999, 62.71000) (-65.42368, 31.92849) (-5.60238, -70.83499) (30.06027, -257.81131) 
Data: 14.00000 33.63000 12.20000 15.30000 6.43000 -2.54000 -7.30000 3.03000 4.37000 -21.56000 -30.58000 -21.95000 -33.33000 -32.41000 -24.65000 -10.24000 
FFT : -95.60001 (69.16496, -170.48764) (78.12218, -47.21415) (0.87214, -40.32141) (41.80000, 9.02000) (-17.57559, -34.80476) (12.41782, -20.07415) (-13.94152, -5.93097) -22.12001 (-13.94151, 5.93098) (12.41782, 20.07415) (-17.57558, 34.80476) (41.80000, -9.02000) (0.87213, 40.32141) (78.12218, 47.21415) (69.16498, 170.48763) 
Data: -1.03000 -0.51000 7.13000 19.39000 9.40000 25.36000 8.81000 26.61000 30.15000 17.46000 21.76000 9.95000 11.58000 6.23000 -2.61000 -12.99000 
FFT : 176.69000 (-106.49608, -30.22286) (-13.32776, -23.45367) (-25.83856, -8.96043) (15.01000, -5.58000) (0.31882, -9.14006) (29.60776, 21.92632) (7.29580, -39.12251) -6.31000 (7.29581, 39.12249) (29.60776, -21.92633) (0.31882, 9.14006) (15.01000, 5.58000) (-25.83856, 8.96043) (-13.32776, 23.45367) (-106.49606, 30.22288) 
Data: -11.63000 -24.32000 -24.65000 -48.03000 -42.47000 7.13000 -23.08000 -8.43000 -11.54000 -5.98000 -0.74000 5.99000 8.70000 8.52000 5.78000 29.76000 
FFT : -134.99001 (1.60857, 161.30928) (22.91780, 85.39091) (52.62986, 17.16645) (-14.25000, -6.06000) (-59.81022, 44.87841) (-1.71780, 69.21092) (5.21181, -15.65877) -64.27000 (5.21180, 15.65877) (-1.71780, -69.21091) (-59.81023, -44.87840) (-14.25000, 6.06000) (52.62986, -17.16645) (22.91780, -85.39091) (1.60855, -161.30928) 
Data: 39.48000 24.86000 28.99000 36.00000 25.26000 5.82000 4.99000 -1.96000 -12.26000 -21.34000 -7.53000 -19.79000 -7.90000 -64.57000 1.29000 -27.10000 
FFT : 4.24000 (88.81696, -205.47559) (21.88081, -91.22226) (50.08071, -12.90241) (16.84001, 42.38000) (6.98480, -22.34273) (-2.16082, -60.86227) (61.07749, -82.27592) 140.39999 (61.07753, 82.27591) (-2.16082, 60.86226) (6.98480, 22.34274) (16.84000, -42.38000) (50.08071, 12.90240) (21.88082, 91.22227) (88.81700, 205.47560) 
Data: -8.87000 -14.36000 -9.16000 -4.49000 3.16000 18.53000 0.65000 41.11000 20.50000 36.82000 38.40000 41.92000 44.78000 34.80000 25.46000 8.55000 
FFT : 277.79999 (-134.35643, 157.82765) (-49.49047, 27.34630) (-17.48351, 2.76936) (4.22000, 11.30000) (-9.08313, -16.33728) (-23.12952, 33.60631) (43.44308, -27.75900) -47.96001 (43.44307, 27.75899) (-23.12952, -33.60631) (-9.08314, 16.33727) (4.22000, -11.30000) (-17.48350, -2.76936) (-49.49047, -27.34630) (-134.35645, -157.82764) 
Data: -0.64000 -11.22000 -25.40000 -37.46000 -16.77000 -21.67000 -18.94000 9.24000 -32.86000 -20.73000 -17.21000 -16.38000 -4.02000 3.48000 8.52000 36.10000 
FFT : -165.95999 (81.00497, 87.30887) (47.69106, 112.05063) (28.75206, 10.79621) (-1.26000, 41.64000) (8.43605, -14.12050) (-73.11105, 47.67063) (10.68694, 11.39216) -48.68000 (10.68692, -11.39215) (-73.11105, -47.67062) (8.43605, 14.12050) (-1.26000, -41.64000) (28.75206, -10.79621) (47.69105, -112.05064) (81.00496, -87.30888) 
Data: 31.37000 14.25000 5.74000 32.27000 26.94000 16.50000 35.42000 15.95000 14.87000 0.16000 -9.93000 -6.03000 -9.24000 -31.66000 -2.04000 -38.72000 
FFT : 95.85000 (-40.17216, -179.94052) (14.79384, -17.99445) (25.48802, -31.82772) (34.75001, 4.22000) (38.32769, -29.05057) (42.28616, -93.13445) (42.35641, -32.44337) 90.41000 (42.35644, 32.44335) (42.28616, 93.13445) (38.32769, 29.05056) (34.75001, -4.22000) (25.48802, 31.82773) (14.79384, 17.99445) (-40.17212, 179.94052) 
Data: -51.91000 -23.82000 1.74000 -16.19000 -5.55000 -3.37000 3.54000 4.49000 15.54000 21.11000 23.51000 38.44000 31.51000 12.24000 40.65000 5.78000 
FFT : 97.71000 (-111.85339, 161.27536) (-78.98943, 18.65716) (-58.94754, 20.39647) (-79.85001, 26.36000) (-97.64648, 11.24759) (-45.67057, -19.22284) (-1.35255, 3.88647) 20.35001 (-1.35257, -3.88648) (-45.67056, 19.22284) (-97.64648, -11.24758) (-79.85001, -26.36000) (-58.94754, -20.39647) (-78.98943, -18.65716) (-111.85341, -161.27536) 
Data: 17.42000 8.26000 1.06000 -9.20000 -10.81000 6.93000 -40.95000 -18.60000 -31.80000 -25.80000 -21.34000 -17.92000 -7.20000 -18.03000 -6.33000 2.02000 
FFT : -172.28999 (133.84218, -24.00868) (6.52914, -14.99333) (44.82970, 5.50269) (35.17000, -15.06000) (-27.02816, -4.55900) (0.73086, 39.00667) (45.23627, -48.51037) -27.61000 (45.23628, 48.51038) (0.73086, -39.00667) (-27.02816, 4.55901) (35.17000, 15.06000) (44.82971, -5.50269) (6.52914, 14.99333) (133.84219, 24.00867) 
Data: 5.46000 26.57000 30.59000 10.92000 27.94000 56.12000 25.67000 23.18000 34.33000 22.55000 11.99000 3.23000 -9.77000 -8.87000 -12.93000 -12.13000 
FFT : 234.84999 (-93.84810, -160.35501) (20.75026, -33.35432) (26.23626, -11.25927) (2.64000, -71.17000) (-55.69200, -5.78624) (22.48974, 26.32568) (7.82380, -4.04201) -8.28999 (7.82381, 4.04199) (22.48974, -26.32568) (-55.69200, 5.78624) (2.64000, 71.17000) (26.23626, 11.25926) (20.75026, 33.35432) (-93.84807, 160.35503) 
Data: -19.48000 -29.28000 -36.46000 -10.11000 -27.55000 -12.47000 -14.12000 -6.45000 0.85000 19.62000 6.49000 40.40000 8.55000 28.55000 44.44000 20.43000 
FFT : 13.41000 (-33.26755, 221.44084) (-29.36383, 66.95802) (-31.02701, 70.66298) (-37.98000, 37.85000) (-31.70886, -0.69382) (30.10384, -53.62199) (14.68344, 5.68404) -87.97000 (14.68343, -5.68405) (30.10384, 53.62199) (-31.70886, 0.69383) (-37.98000, -37.85000) (-31.02701, -70.66298) (-29.36384, -66.95802) (-33.26758, -221.44084) 
Data: 28.17000 14.73000 6.19000 12.94000 5.14000 -6.42000 -17.89000 -13.21000 -10.08000 -37.54000 -28.02000 -35.47000 -24.51000 -29.16000 -18.54000 -16.26000 
FFT : -169.93001 (117.27733, -141.20383) (41.58243, -28.53708) (9.63919, -18.88083) (56.98000, 6.39000) (19.39980, -28.88135) (33.33757, 0.66293) (6.68366, -32.60432) 50.85001 (6.68367, 32.60433) (33.33757, -0.66293) (19.39980, 28.88135) (56.98000, -6.39000) (9.63919, 18.88084) (41.58243, 28.53708) (117.27734, 141.20381) 
Data: -4.35000 0.16000 9.12000 11.15000 25.85000 27.38000 27.50000 22.59000 26.71000 34.51000 22.34000 15.27000 18.15000 6.69000 -3.25000 -8.01000 
FFT : 231.81000 (-131.65184, -33.96920) (-29.58788, -16.00641) (-1.90236, 5.11003) (10.65000, -27.74000) (1.96532, 14.50119) (-13.69212, -1.58641) (7.34887, 6.22195) 12.33000 (7.34887, -6.22197) (-13.69212, 1.58641) (1.96533, -14.50119) (10.65000, 27.74000) (-1.90235, -5.11003) (-29.58788, 16.00641) (-131.65182, 33.96922) 
Data: -19.92000 -35.39000 -37.03000 -59.48000 -57.47000 -15.51000 -24.67000 -17.15000 -11.42000 -10.25000 -0.51000 1.15000 15.22000 20.95000 23.65000 11.03000 
FFT : -216.79999 (-6.59699, 242.78506) (11.70904, 109.55705) (6.64966, -0.59253) (-35.03000, -24.25000) (-40.33739, 24.80559) (10.11097, 36.51707) (6.28475, -22.57680) -7.50000 (6.28472, 22.57681) (10.11097, -36.51706) (-40.33739, -24.80558) (-35.03000, 24.25000) (6.64967, 0.59254) (11.70902, -109.55706) (-6.59704, -242.78508) 
Data: 23.15000 46.90000 5.88000 11.21000 21.00000 4.48000 2.45000 -2.01000 -12.95000 -26.98000 -26.25000 -23.61000 -32.97000 -33.84000 -49.18000 -25.39000 
FFT : -118.11000 (67.62793, -217.98961) (46.40962, -71.81282) (72.44768, -67.12432) (65.32999, -30.36000) (27.32948, -56.60979) (-2.06962, -19.09282) (-23.00513, 8.40492) -19.63000 (-23.00511, -8.40492) (-2.06962, 19.09282) (27.32949, 56.60979) (65.32999, 30.36000) (72.44768, 67.12432) (46.40962, 71.81282) (67.62798, 217.98961) 
Data: -19.89000 -16.01000 -6.26000 -0.04000 10.66000 0.07000 27.60000 36.55000 18.49000 -9.14000 -3.93000 0.42000 37.28000 5.20000 5.58000 7.48000 
FFT : 94.06000 (-87.01514, 9.36598) (-39.98497, 95.74540) (-39.23011, -63.19225) (23.55000, 64.29000) (-3.09379, 17.89360) (-58.69501, 9.00540) (-24.18095, -16.02816) 45.00000 (-24.18095, 16.02815) (-58.69502, -9.00539) (-3.09379, -17.89361) (23.55000, -64.29000) (-39.23010, 63.19226) (-39.98498, -95.74541) (-87.01514, -9.36597) 
Data: -2.08000 -8.98000 -6.11000 -11.51000 -21.32000 -38.26000 -34.00000 -23.63000 -22.53000 -29.42000 -13.79000 -7.52000 -5.66000 5.07000 9.73000 25.27000 
FFT : -184.73999 (135.91895, 95.76035) (13.30187, 13.92993) (-25.71251, 18.01624) (-7.42000, 54.20000) (-6.09221, -1.64617) (-8.56187, 22.66993) (-22.31420, 13.45797) -6.78000 (-22.31422, -13.45795) (-8.56187, -22.66993) (-6.09221, 1.64617) (-7.42000, -54.20000) (-25.71251, -18.01623) (13.30187, -13.92993) (135.91891, -95.76038) 
Data: 19.81000 22.59000 18.04000 33.51000 -1.69000 29.66000 20.07000 19.95000 4.51000 -0.03000 -11.58000 -14.45000 -13.92000 -3.49000 -21.33000 -57.57000 
FFT : 44.08000 (-38.08317, -175.70650) (-2.70147, -45.24615) (-11.06226, -99.46657) (3.51000, -67.29000) (58.32168, -23.48912) (82.56146, -29.80615) (52.02371, -50.80908) -16.26000 (52.02373, 50.80905) (82.56146, 29.80615) (58.32169, 23.48912) (3.51000, 67.29000) (-11.06224, 99.46657) (-2.70146, 45.24615) (-38.08314, 175.70653) 
Data: -34.46000 -12.17000 -27.24000 -6.39000 -8.75000 -2.01000 2.41000 7.03000 26.15000 19.49000 16.80000 12.70000 22.65000 35.71000 43.65000 10.29000 
FFT : 105.86000 (-81.69868, 157.55096) (-33.07823, 82.93872) (-86.71019, 39.42370) (-30.03000, -17.39000) (-30.55002, -18.38045) (-11.34177, -30.06128) (-43.48109, -25.85317) -23.44000 (-43.48111, 25.85317) (-11.34177, 30.06128) (-30.55002, 18.38044) (-30.03000, 17.39000) (-86.71019, -39.42369) (-33.07823, -82.93872) (-81.69870, -157.55096) 
Data: 11.34000 6.03000 0.79000 -2.30000 -22.16000 -19.61000 -36.13000 -28.29000 -59.15000 -35.54000 -29.36000 -24.25000 -30.91000 -15.18000 0.12000 1.76000 
FFT : -282.84003 (193.70532, -25.03154) (9.00766, -11.15939) (26.57396, 9.12487) (-36.30000, 11.22000) (20.50227, -17.00183) (1.51233, 3.72062) (41.17844, -16.15822) -48.08000 (41.17846, 16.15824) (1.51233, -3.72062) (20.50227, 17.00183) (-36.30000, -11.22000) (26.57396, -9.12487) (9.00766, 11.15939) (193.70535, 25.03152) 
Data: 12.70000 -0.94000 36.85000 28.06000 33.64000 41.36000 26.04000 18.02000 31.90000 11.27000 9.53000 3.07000 -3.99000 -16.14000 -23.61000 -40.70000 
FFT : 167.06000 (-112.96152, -186.06544) (-33.62823, -71.47059) (-0.51872, -28.19809) (25.44000, -27.10000) (-6.30190, 5.39393) (63.52823, 16.42941) (42.98211, -1.95344) 79.06000 (42.98212, 1.95341) (63.52823, -16.42941) (-6.30189, -5.39393) (25.44000, 27.10000) (-0.51871, 28.19809) (-33.62823, 71.47059) (-112.96149, 186.06546) 
Data: -38.46000 -17.54000 -9.86000 -30.86000 -19.79000 -21.82000 -8.68000 -4.67000 2.38000 11.07000 20.98000 45.07000 19.74000 32.73000 9.18000 20.78000 
FFT : 10.25000 (-61.11947, 215.20175) (-46.97601, 3.01302) (-13.11849, -5.08150) (-47.75000, 25.88000) (-50.20502, 5.10630) (-25.08399, 24.25302) (-38.91699, 67.26956) -59.27000 (-38.91702, -67.26956) (-25.08399, -24.25302) (-50.20502, -5.10630) (-47.75000, -25.88000) (-13.11849, 5.08150) (-46.97601, -3.01302) (-61.11950, -215.20175) 
Data: 25.49000 19.63000 23.05000 7.33000 3.34000 -2.41000 -9.76000 -24.56000 -18.26000 -13.64000 -3.56000 -52.08000 -25.97000 -9.18000 -12.53000 -11.84000 
FFT : -104.95000 (123.24110, -119.09129) (48.19527, -48.30659) (-4.14084, 14.87547) (-12.60000, -75.55000) (57.92599, -2.19494) (11.52472, 35.25340) (-2.02626, -18.92169) 68.55000 (-2.02625, 18.92171) (11.52472, -35.25340) (57.92599, 2.19494) (-12.60000, 75.55000) (-4.14084, -14.87546) (48.19527, 48.30659) (123.24112, 119.09128) 
Data: -4.06000 0.30000 10.57000 23.72000 0.83000 34.28000 29.56000 31.36000 16.92000 3.68000 24.38000 20.98000 9.25000 5.65000 -7.44000 -9.86000 
FFT : 190.12000 (-108.02080, -51.44064) (-39.04536, -3.81438) (21.79965, -47.77263) (-34.13000, 22.29000) (8.09653, 1.86298) (44.60537, 21.84561) (-5.79540, -35.48505) -30.10001 (-5.79539, 35.48503) (44.60536, -21.84561) (8.09653, -1.86299) (-34.13000, -22.29000) (21.79966, 47.77263) (-39.04536, 3.81438) (-108.02078, 51.44067) 
Data: -10.84000 -0.90000 -51.80000 -41.21000 -46.05000 -6.45000 -24.66000 -12.63000 -12.65000 -6.31000 -0.24000 7.64000 7.84000 24.39000 37.87000 22.25000 
FFT : -113.75000 (39.89795, 219.46545) (27.47621, 113.57367) (26.11042, 23.51450) (-22.87000, -34.68000) (-38.00435, -30.05312) (1.96379, -16.92632) (-20.76401, -49.66216) -87.31000 (-20.76402, 49.66217) (1.96379, 16.92633) (-38.00434, 30.05312) (-22.86999, 34.68000) (26.11042, -23.51450) (27.47620, -113.57368) (39.89792, -219.46545) 
Data: 1.34000 36.35000 27.04000 24.79000 0.19000 16.53000 5.69000 -1.59000 -6.92000 -14.46000 -33.56000 -13.75000 -30.80000 -38.93000 -14.92000 -47.77000 
FFT : -90.77000 (34.33975, -212.37527) (13.63850, -76.73701) (-2.61334, -80.06898) (-20.44000, -37.81000) (-37.42107, -27.20068) (36.42149, -71.31702) (38.73462, -35.54700) -13.11000 (38.73465, 35.54699) (36.42149, 71.31701) (-37.42106, 27.20069) (-20.44000, 37.81000) (-2.61333, 80.06897) (13.63851, 76.73701) (34.33979, 212.37531) 
Data: -23.33000 -26.01000 -3.26000 -1.48000 1.93000 7.56000 30.64000 30.40000 28.45000 25.47000 21.38000 18.05000 16.52000 15.36000 14.57000 3.39000 
FFT : 159.64000 (-157.57050, 55.26380) (-17.74235, 55.85511) (-42.19340, 3.61850) (-39.75999, 27.98000) (-3.79397, 20.67869) (-8.91765, 1.67511) (-3.56213, 13.96397) 14.16000 (-3.56214, -13.96399) (-8.91765, -1.67511) (-3.79396, -20.67869) (-39.75999, -27.98000) (-42.19340, -3.61850) (-17.74235, -55.85511) (-157.57050, -55.26378) 
