Data: 4.32000 12.22000 25.61000 19.44000 
FFT : 61.59000 (-21.29000, 7.22000) -1.73000 (-21.29000, -7.22000) 
Data: 24.49000 51.18000 36.77000 29.52000 
FFT : 141.95999 (-12.28000, -21.66000) -19.43999 (-12.28000, 21.66000) 
Data: 21.31000 27.19000 8.97000 2.84000 
FFT : 60.31000 (12.34000, -24.35000) 0.25000 (12.34000, 24.35000) 
Data: -4.25000 -14.53000 -14.64000 -14.91000 
FFT : -48.33000 (10.39000, -0.38000) 10.55000 (10.39000, 0.38000) 
Data: -34.45000 -38.20000 -24.62000 -36.10000 
FFT : -133.37000 (-9.83000, 2.10000) 15.23000 (-9.83000, -2.10000) 
Data: -28.49000 -19.22000 -3.15000 -9.81000 
FFT : -60.67000 (-25.34000, 9.41000) -2.61000 (-25.34000, -9.41000) 
Data: -1.89000 13.46000 20.59000 29.85000 
FFT : 62.01000 (-22.48000, 16.39000) -24.61000 (-22.48000, -16.39000) 
Data: 20.68000 37.76000 22.90000 -2.45000 
FFT : 78.89000 (-2.22000, -40.21000) 8.27000 (-2.22000, 40.21000) 
Data: 19.03000 32.87000 8.44000 25.59000 
FFT : 85.93000 (10.59000, -7.28000) -30.99000 (10.59000, 7.28000) 
Data: 6.88000 -0.74000 -11.78000 -10.45000 
FFT : -16.09000 (18.66000, -9.71000) 6.29000 (18.66000, 9.71000) 
Data: -2.65000 -21.12000 -42.13000 -21.47000 
FFT : -87.37000 (39.48000, -0.35000) -2.19000 (39.48000, 0.35000) 
Data: -10.24000 -16.27000 -46.24000 -8.18000 
FFT : -80.93001 (36.00000, 8.09000) -32.03000 (36.00000, -8.09000) 
Data: -10.24000 -1.56000 7.20000 5.43000 
FFT : 0.83000 (-17.44000, 6.99000) -6.91000 (-17.44000, -6.99000) 
Data: 9.36000 17.37000 24.71000 58.76000 
FFT : 110.20000 (-15.35000, 41.39000) -42.06000 (-15.35000, -41.39000) 
Data: 41.61000 32.63000 26.63000 15.04000 
FFT : 115.91000 (14.98000, -17.59000) 20.57000 (14.98000, 17.59000) 
Data: 4.41000 -1.16000 0.55000 -12.07000 
FFT : -8.27000 (3.86000, -10.91000) 18.19000 (3.86000, 10.91000) 
Data: -22.60000 -24.73000 -11.12000 -33.08000 
FFT : -91.53000 (-11.48000, -8.35000) 24.09000 (-11.48000, 8.35000) 
Data: -30.87000 -3.90000 -31.59000 -26.29000 
FFT : -92.65000 (0.72000, -22.39000) -32.27000 (0.72000, 22.39000) 
Data: -13.52000 -4.44000 -1.11000 7.44000 
FFT : -11.63000 (-12.41000, 11.88000) -17.63000 (-12.41000, -11.88000) 
Data: 10.08000 18.38000 22.56000 20.35000 
FFT : 71.37000 (-12.48000, 1.97000) -6.09000 (-12.48000, -1.97000) 
Data: 30.32000 15.50000 25.92000 23.54000 
FFT : 95.28000 (4.40000, 8.04000) 17.20000 (4.40000, -8.04000) 
Data: 13.36000 10.15000 8.35000 -0.36000 
FFT : 31.50000 (5.01000, -10.51000) 11.92000 (5.01000, 10.51000) 
Data: -11.07000 -26.72000 -33.85000 -32.15000 
FFT : -103.79000 (22.78000, -5.43000) 13.95000 (22.78000, 5.43000) 
Data: -43.54000 -29.05000 -21.98000 -45.24000 
FFT : -139.81000 (-21.56000, -16.19000) 8.77000 (-21.56000, 16.19000) 
Data: -53.72000 5.12000 -15.32000 -4.09000 
FFT : -68.01000 (-38.40000, -9.21000) -70.07000 (-38.40000, 9.21000) 
Data: 5.90000 19.32000 17.44000 26.05000 
FFT : 68.71000 (-11.54000, 6.73000) -22.03000 (-11.54000, -6.73000) 
Data: 29.29000 27.78000 37.00000 16.98000 
FFT : 111.05000 (-7.71000, -10.80000) 21.53000 (-7.71000, 10.80000) 
Data: 26.29000 25.79000 32.79000 8.30000 
FFT : 93.17000 (-6.50000, -17.49000) 24.99000 (-6.50000, 17.49000) 
Data: 1.10000 -5.34000 -14.08000 -11.08000 
FFT : -29.40000 (15.18000, -5.74000) 3.44000 (15.18000, 5.74000) 
Data: -55.48000 15.03000 -21.34000 -28.23000 
FFT : -90.02000 (-34.14000, -43.26000) -63.62000 (-34.14000, 43.26000) 
Data: -25.76000 -20.13000 -2.10000 -15.39000 
FFT : -63.38000 (-23.66000, 4.74000) 7.66000 (-23.66000, -4.74000) 
Data: -6.74000 1.69000 14.27000 6.56000 
FFT : 15.78000 (-21.01000, 4.87000) -0.72000 (-21.01000, -4.87000) 
Data: 34.42000 21.31000 26.14000 29.98000 
FFT : 111.85000 (8.28000, 8.67000) 9.27000 (8.28000, -8.67000) 
Data: 50.24000 28.97000 32.72000 17.25000 
FFT : 129.18001 (17.52000, -11.72000) 36.74001 (17.52000, 11.72000) 
Data: 16.06000 0.67000 -8.10000 -2.37000 
FFT : 6.26000 (24.16000, -3.04000) 9.66000 (24.16000, 3.04000) 
Data: -17.61000 -21.74000 -20.36000 -23.17000 
FFT : -82.88000 (2.75000, -1.43000) 6.94000 (2.75000, 1.43000) 
Data: -46.14000 -38.08000 -33.94000 -17.43000 
FFT : -135.59000 (-12.20000, 20.65000) -24.57000 (-12.20000, -20.65000) 
Data: -1.43000 -7.09000 1.80000 12.84000 
FFT : 6.12000 (-3.23000, 19.93000) -5.38000 (-3.23000, -19.93000) 
Data: 6.97000 22.15000 20.38000 41.70000 
FFT : 91.20000 (-13.41000, 19.55000) -36.50000 (-13.41000, -19.55000) 
Data: 16.00000 32.27000 28.56000 12.36000 
FFT : 89.19000 (-12.56000, -19.91000) -0.07000 (-12.56000, 19.91000) 
Data: 15.21000 4.80000 4.22000 -5.13000 
FFT : 19.10000 (10.99000, -9.93000) 19.76000 (10.99000, 9.93000) 
Data: -15.57000 -16.38000 -29.29000 -5.71000 
FFT : -66.95000 (13.72000, 10.67000) -22.77000 (13.72000, -10.67000) 
Data: -34.10000 -27.26000 -15.91000 -25.40000 
FFT : -102.67000 (-18.19000, 1.86000) 2.65000 (-18.19000, -1.86000) 
Data: -27.23000 -10.80000 -7.71000 0.31000 
FFT : -45.43000 (-19.52000, 11.11000) -24.45000 (-19.52000, -11.11000) 
Data: -0.77000 13.42000 18.75000 29.59000 
FFT : 60.99000 (-19.52000, 16.17000) -25.03000 (-19.52000, -16.17000) 
Data: 31.20000 44.06000 28.53000 55.56000 
FFT : 159.35001 (2.67000, 11.50000) -39.89000 (2.67000, -11.50000) 
Data: 20.61000 15.61000 10.56000 3.90000 
FFT : 50.68000 (10.05000, -11.71000) 11.66000 (10.05000, 11.71000) 
Data: -4.51000 -10.98000 -18.49000 -34.90000 
FFT : -68.88000 (13.98000, -23.92000) 22.88000 (13.98000, 23.92000) 
Data: -40.79000 -44.58000 -32.11000 -36.45000 
FFT : -153.92999 (-8.68000, 8.13000) 8.13000 (-8.68000, -8.13000) 
Data: -15.39000 -10.04000 -9.82000 -1.88000 
FFT : -37.13000 (-5.57000, 8.16000) -13.29000 (-5.57000, -8.16000) 
Data: -0.72000 0.15000 12.81000 15.06000 
FFT : 27.30000 (-13.53000, 14.91000) -3.12000 (-13.53000, -14.91000) 
Data: 39.69000 27.55000 14.52000 28.47000 
FFT : 110.23000 (25.17000, 0.92000) -1.81000 (25.17000, -0.92000) 
Data: 17.43000 35.74000 4.34000 -1.09000 
FFT : 56.42000 (13.09000, -36.83000) -12.88000 (13.09000, 36.83000) 
Data: 4.33000 -2.33000 -11.84000 -16.34000 
FFT : -26.18000 (16.17000, -14.01000) 11.16000 (16.17000, 14.01000) 
Data: -32.79000 -45.60000 -23.97000 -2.12000 
FFT : -104.48000 (-8.82000, 43.48000) -9.04000 (-8.82000, -43.48000) 
Data: -52.77000 -14.37000 -18.44000 -13.48000 
FFT : -99.06000 (-34.33000, 0.89000) -43.36000 (-34.33000, -0.89000) 
Data: -10.34000 -0.55000 5.94000 7.49000 
FFT : 2.54000 (-16.28000, 8.04000) -11.34000 (-16.28000, -8.04000) 
Data: 25.53000 56.99000 21.46000 40.31000 
FFT : 144.29001 (4.07000, -16.68000) -50.31001 (4.07000, 16.68000) 
Data: 23.64000 30.94000 31.28000 29.66000 
FFT : 115.52000 (-7.64000, -1.28000) -5.68000 (-7.64000, 1.28000) 
Data: 5.06000 6.05000 -1.73000 -7.23000 
FFT : 2.15000 (6.79000, -13.28000) 4.51000 (6.79000, 13.28000) 
Data: -18.23000 -30.10000 -22.08000 -30.97000 
FFT : -101.38000 (3.85000, -0.87000) 20.76000 (3.85000, 0.87000) 
Data: -50.73000 -27.52000 -31.34000 -23.25000 
FFT : -132.84000 (-19.39000, 4.27000) -31.30000 (-19.39000, -4.27000) 
Data: -17.80000 -10.48000 -2.10000 6.43000 
FFT : -23.95000 (-15.70000, 16.91000) -15.85000 (-15.70000, -16.91000) 
Data: 14.67000 8.29000 5.13000 13.08000 
FFT : 41.17000 (9.54000, 4.79000) -1.57000 (9.54000, -4.79000) 
Data: 26.08000 36.63000 51.84000 10.23000 
FFT : 124.78000 (-25.76000, -26.40000) 31.06000 (-25.76000, 26.40000) 
Data: 22.27000 27.35000 9.41000 -1.15000 
FFT : 57.88000 (12.86000, -28.50000) 5.48000 (12.86000, 28.50000) 
Data: -15.49000 -11.36000 -15.28000 -6.14000 
FFT : -48.27000 (-0.21000, 5.22000) -13.27000 (-0.21000, -5.22000) 
Data: -24.31000 -33.88000 -35.72000 -22.01000 
FFT : -115.92000 (11.41000, 11.87000) -4.14000 (11.41000, -11.87000) 
Data: -20.55000 -31.32000 -14.03000 -2.68000 
FFT : -68.58000 (-6.52000, 28.64000) -0.58000 (-6.52000, -28.64000) 
Data: 3.66000 15.54000 27.11000 44.71000 
FFT : 91.02000 (-23.45000, 29.17000) -29.48000 (-23.45000, -29.17000) 
Data: 42.91000 28.46000 32.11000 25.93000 
FFT : 129.41000 (10.80000, -2.53000) 20.63000 (10.80000, 2.53000) 
Data: 21.01000 10.81000 13.25000 13.52000 
FFT : 58.59000 (7.76000, 2.71000) 9.93000 (7.76000, -2.71000) 
Data: 0.23000 -3.75000 -23.44000 -21.07000 
FFT : -48.03000 (23.67000, -17.32000) 1.61000 (23.67000, 17.32000) 
Data: -18.96000 -41.83000 -45.00000 -18.07000 
FFT : -123.86000 (26.04000, 23.76000) -4.06000 (26.04000, -23.76000) 
Data: -24.52000 -37.65000 -19.08000 -13.26000 
FFT : -94.51000 (-5.44000, 24.39000) 7.31001 (-5.44000, -24.39000) 
Data: -4.61000 2.82000 14.51000 22.34000 
FFT : 35.06000 (-19.12000, 19.52000) -15.26000 (-19.12000, -19.52000) 
Data: 34.58000 26.17000 16.88000 34.41000 
FFT : 112.04000 (17.70000, 8.24000) -9.12000 (17.70000, -8.24000) 
Data: 23.14000 30.04000 26.92000 14.41000 
FFT : 94.50999 (-3.78000, -15.63000) 5.61000 (-3.78000, 15.63000) 
Data: 11.44000 1.72000 -10.38000 -17.70000 
FFT : -14.92000 (21.82000, -19.42000) 17.04000 (21.82000, 19.42000) 
Data: -25.80000 -14.52000 -35.58000 -14.66000 
FFT : -90.56000 (9.78000, -0.14000) -32.20000 (9.78000, 0.14000) 
Data: -16.29000 -23.99000 -21.09000 -45.03000 
FFT : -106.39999 (4.80000, -21.04000) 31.64000 (4.80000, 21.04000) 
Data: -19.03000 -9.59000 1.92000 9.02000 
FFT : -17.68000 (-20.95000, 18.61000) -16.54000 (-20.95000, -18.61000) 
Data: 12.57000 14.39000 30.67000 -5.97000 
FFT : 51.66000 (-18.10000, -20.36000) 34.82000 (-18.10000, 20.36000) 
Data: 19.88000 31.78000 26.60000 11.66000 
FFT : 89.92000 (-6.72000, -20.12000) 3.04000 (-6.72000, 20.12000) 
Data: 20.76000 11.26000 3.25000 -3.36000 
FFT : 31.91000 (17.51000, -14.62000) 16.11000 (17.51000, 14.62000) 
Data: -7.26000 -18.12000 -25.02000 -18.49000 
FFT : -68.89000 (17.76000, -0.37000) 4.33000 (17.76000, 0.37000) 
Data: -44.37000 -17.46000 -24.30000 -34.80000 
FFT : -120.92999 (-20.07000, -17.34000) -16.41000 (-20.07000, 17.34000) 
Data: -10.86000 -10.09000 -3.54000 2.25000 
FFT : -22.24000 (-7.32000, 12.34000) -6.56000 (-7.32000, -12.34000) 
Data: 8.64000 8.45000 22.06000 21.27000 
FFT : 60.42000 (-13.42000, 12.82000) 0.98000 (-13.42000, -12.82000) 
Data: 28.40000 39.61000 42.29000 -0.80000 
FFT : 109.50000 (-13.89000, -40.41000) 31.88000 (-13.89000, 40.41000) 
Data: 35.29000 -4.42000 0.65000 4.03000 
FFT : 35.55000 (34.64000, 8.45000) 36.33000 (34.64000, -8.45000) 
Data: -5.13000 2.90000 -17.84000 -26.85000 
FFT : -46.92000 (12.71000, -29.75000) 0.98000 (12.71000, 29.75000) 
Data: -12.55000 -34.25000 -26.91000 -40.20000 
FFT : -113.91000 (14.36000, -5.95000) 34.99000 (14.36000, 5.95000) 
Data: -18.73000 -29.28000 -23.46000 -6.60000 
FFT : -78.07000 (4.73000, 22.68000) -6.31000 (4.73000, -22.68000) 
Data: 0.08000 5.74000 13.05000 12.69000 
FFT : 31.56000 (-12.97000, 6.95000) -5.30000 (-12.97000, -6.95000) 
Data: 24.24000 26.86000 27.38000 31.86000 
FFT : 110.34000 (-3.14000, 5.00000) -7.10000 (-3.14000, -5.00000) 
Data: 19.37000 20.07000 20.30000 14.25000 
FFT : 73.99000 (-0.93000, -5.82000) 5.35000 (-0.93000, 5.82000) 
Data: 2.65000 -3.41000 -10.33000 -14.78000 
FFT : -25.87000 (12.98000, -11.37000) 10.51000 (12.98000, 11.37000) 
Data: -21.18000 -25.89000 -22.54000 -36.26000 
FFT : -105.87000 (1.36000, -10.37000) 18.43000 (1.36000, 10.37000) 
Data: -24.21000 -30.88000 -6.21000 -14.65000 
FFT : -75.95000 (-18.00000, 16.23000) 15.11000 (-18.00000, -16.23000) 
Data: -9.58000 -0.15000 5.88000 13.69000 
FFT : 9.84000 (-15.46000, 13.84000) -17.24000 (-15.46000, -13.84000) 
Data: 17.23000 20.49000 13.48000 25.50000 
FFT : 76.70000 (3.75000, 5.01000) -15.28000 (3.75000, -5.01000) 
Data: 38.93000 20.91000 19.17000 31.59000 
FFT : 110.60000 (19.76000, 10.68000) 5.60000 (19.76000, -10.68000) 
Data: 22.80000 3.14000 -2.54000 -9.70000 
FFT : 13.70000 (25.34000, -12.84000) 26.82000 (25.34000, 12.84000) 
Data: -3.25000 -15.31000 -8.63000 -20.92000 
FFT : -48.11000 (5.38000, -5.61000) 24.35000 (5.38000, 5.61000) 
Data: -28.79000 -31.71000 -40.11000 -27.35000 
FFT : -127.96000 (11.32000, 4.36000) -9.84000 (11.32000, -4.36000) 
Data: -22.53000 -11.09000 -3.00000 2.55000 
FFT : -34.07000 (-19.53000, 13.64000) -16.99000 (-19.53000, -13.64000) 
Data: -1.98000 26.94000 59.25000 5.85000 
FFT : 90.06000 (-61.23000, -21.09000) 24.48000 (-61.23000, 21.09000) 
Data: 11.51000 34.68000 43.14000 25.17000 
FFT : 114.50000 (-31.63000, -9.51000) -5.20000 (-31.63000, 9.51000) 
Data: 5.16000 22.93000 5.06000 -1.36000 
FFT : 31.79000 (0.10000, -24.29000) -11.35000 (0.10000, 24.29000) 
Data: -10.16000 -7.17000 -38.07000 -22.97000 
FFT : -78.37000 (27.91000, -15.80000) -18.09000 (27.91000, 15.80000) 
Data: -42.39000 -15.69000 -36.74000 -36.69000 
FFT : -131.51001 (-5.65000, -21.00000) -26.75001 (-5.65000, 21.00000) 
Data: -28.32000 -25.13000 -12.99000 -3.88000 
FFT : -70.31999 (-15.33000, 21.25000) -12.30000 (-15.33000, -21.25000) 
Data: 6.92000 6.83000 16.08000 45.77000 
FFT : 75.60000 (-9.16000, 38.94000) -29.60000 (-9.16000, -38.94000) 
Data: 6.11000 29.72000 8.29000 4.26000 
FFT : 48.38000 (-2.18000, -25.46000) -19.58000 (-2.18000, 25.46000) 
Data: 23.44000 30.39000 4.00000 7.94000 
FFT : 65.77000 (19.44000, -22.45000) -10.89000 (19.44000, 22.45000) 
Data: -0.24000 -10.91000 -7.19000 -13.79000 
FFT : -32.13000 (6.95000, -2.88000) 17.27000 (6.95000, 2.88000) 
Data: -19.71000 -33.29000 -35.07000 -47.49000 
FFT : -135.56000 (15.36000, -14.20000) 26.00000 (15.36000, 14.20000) 
Data: -22.57000 -29.79000 -3.79000 -12.48000 
FFT : -68.63000 (-18.78000, 17.31000) 15.91000 (-18.78000, -17.31000) 
Data: -3.10000 4.44000 13.10000 15.18000 
FFT : 29.62000 (-16.20000, 10.74000) -9.62000 (-16.20000, -10.74000) 
Data: 31.09000 6.84000 41.92000 41.24000 
FFT : 121.09000 (-10.83000, 34.40000) 24.92999 (-10.83000, -34.40000) 
Data: 28.10000 23.53000 28.30000 5.90000 
FFT : 85.83000 (-0.20000, -17.63000) 26.97000 (-0.20000, 17.63000) 
Data: 8.00000 1.10000 -7.44000 -19.37000 
FFT : -17.71000 (15.44000, -20.47000) 18.83000 (15.44000, 20.47000) 
Data: -22.28000 -29.91000 -21.69000 -51.99000 
FFT : -125.87000 (-0.59000, -22.08000) 37.93000 (-0.59000, 22.08000) 
Data: -40.84000 -45.26000 -27.67000 -28.53000 
FFT : -142.30000 (-13.17000, 16.73000) 5.28000 (-13.17000, -16.73000) 
Data: -8.81000 -5.54000 2.71000 5.82000 
FFT : -5.82000 (-11.52000, 11.36000) -6.38000 (-11.52000, -11.36000) 
Data: 22.24000 10.70000 32.52000 30.17000 
FFT : 95.63000 (-10.28000, 19.47000) 13.89000 (-10.28000, -19.47000) 
Data: 31.49000 11.78000 19.41000 23.41000 
FFT : 86.09000 (12.08000, 11.63000) 15.71000 (12.08000, -11.63000) 
Data: 25.05000 5.15000 1.03000 -8.00000 
FFT : 23.23000 (24.02000, -13.15000) 28.93000 (24.02000, 13.15000) 
Data: -13.78000 -13.48000 -18.76000 -50.49000 
FFT : -96.51000 (4.98000, -37.01000) 31.43000 (4.98000, 37.01000) 
Data: -19.00000 -35.21000 -21.07000 -33.39000 
FFT : -108.67000 (2.07000, 1.82000) 28.53000 (2.07000, -1.82000) 
Data: -29.38000 -22.15000 -5.06000 0.90000 
FFT : -55.69000 (-24.32000, 23.05000) -13.19000 (-24.32000, -23.05000) 
Data: 12.83000 20.58000 23.96000 27.79000 
FFT : 85.16000 (-11.13000, 7.21000) -11.58000 (-11.13000, -7.21000) 
Data: 11.91000 30.09000 3.42000 9.49000 
FFT : 54.91000 (8.49000, -20.60000) -24.25000 (8.49000, 20.60000) 
Data: 35.95000 15.56000 13.00000 3.96000 
FFT : 68.47000 (22.95000, -11.60000) 29.43000 (22.95000, 11.60000) 
Data: -9.11000 -7.18000 -22.49000 -19.30000 
FFT : -58.08000 (13.38000, -12.12000) -5.12000 (13.38000, 12.12000) 
Data: -26.72000 0.24000 0.58000 -43.13000 
FFT : -69.03000 (-27.30000, -43.37000) 16.75000 (-27.30000, 43.37000) 
Data: -43.33000 -10.40000 -20.44000 -3.34000 
FFT : -77.51000 (-22.89000, 7.06000) -50.03001 (-22.89000, -7.06000) 
Data: 0.70000 5.40000 22.22000 1.33000 
FFT : 29.65000 (-21.52000, -4.07000) 16.19000 (-21.52000, 4.07000) 
Data: 45.66000 42.59000 53.78000 20.26000 
FFT : 162.29001 (-8.12000, -22.33000) 36.59000 (-8.12000, 22.33000) 
Data: 14.00000 33.63000 12.20000 15.30000 
FFT : 75.13000 (1.80000, -18.33000) -22.73000 (1.80000, 18.33000) 
Data: 6.43000 -2.54000 -7.30000 3.03000 
FFT : -0.38000 (13.73000, 5.57000) -1.36000 (13.73000, -5.57000) 
Data: 4.37000 -21.56000 -30.58000 -21.95000 
FFT : -69.72000 (34.95000, -0.39000) 17.30000 (34.95000, 0.39000) 
Data: -33.33000 -32.41000 -24.65000 -10.24000 
FFT : -100.63000 (-8.68000, 22.17000) -15.33000 (-8.68000, -22.17000) 
Data: -1.03000 -0.51000 7.13000 19.39000 
FFT : 24.98000 (-8.16000, 19.90000) -12.78000 (-8.16000, -19.90000) 
Data: 9.40000 25.36000 8.81000 26.61000 
FFT : 70.18000 (0.59000, 1.25000) -33.76000 (0.59000, -1.25000) 
Data: 30.15000 17.46000 21.76000 9.95000 
FFT : 79.32000 (8.39000, -7.51000) 24.50000 (8.39000, 7.51000) 
Data: 11.58000 6.23000 -2.61000 -12.99000 
FFT : 2.21000 (14.19000, -19.22000) 15.73000 (14.19000, 19.22000) 
Data: -11.63000 -24.32000 -24.65000 -48.03000 
FFT : -108.63000 (13.02000, -23.71000) 36.07000 (13.02000, 23.71000) 
Data: -42.47000 7.13000 -23.08000 -8.43000 
FFT : -66.85001 (-19.39000, -15.56000) -64.25000 (-19.39000, 15.56000) 
Data: -11.54000 -5.98000 -0.74000 5.99000 
FFT : -12.27000 (-10.80000, 11.97000) -12.29000 (-10.80000, -11.97000) 
Data: 8.70000 8.52000 5.78000 29.76000 
FFT : 52.76000 (2.92000, 21.24000) -23.80000 (2.92000, -21.24000) 
Data: 39.48000 24.86000 28.99000 36.00000 
FFT : 129.33000 (10.49000, 11.14000) 7.61000 (10.49000, -11.14000) 
Data: 25.26000 5.82000 4.99000 -1.96000 
FFT : 34.11000 (20.27000, -7.78000) 26.39000 (20.27000, 7.78000) 
Data: -12.26000 -21.34000 -7.53000 -19.79000 
FFT : -60.92000 (-4.73000, 1.55000) 21.34000 (-4.73000, -1.55000) 
Data: -7.90000 -64.57000 1.29000 -27.10000 
FFT : -98.28000 (-9.19000, 37.47000) 85.06000 (-9.19000, -37.47000) 
Data: -8.87000 -14.36000 -9.16000 -4.49000 
FFT : -36.88000 (0.29000, 9.87000) 0.82000 (0.29000, -9.87000) 
Data: 3.16000 18.53000 0.65000 41.11000 
FFT : 63.45000 (2.51000, 22.58000) -55.83000 (2.51000, -22.58000) 
Data: 20.50000 36.82000 38.40000 41.92000 
FFT : 137.64000 (-17.90000, 5.10000) -19.84000 (-17.90000, -5.10000) 
Data: 44.78000 34.80000 25.46000 8.55000 
FFT : 113.59000 (19.32000, -26.25000) 26.89000 (19.32000, 26.25000) 
Data: -0.64000 -11.22000 -25.40000 -37.46000 
FFT : -74.72000 (24.76000, -26.24000) 22.64000 (24.76000, 26.24000) 
Data: -16.77000 -21.67000 -18.94000 9.24000 
FFT : -48.14000 (2.17000, 30.91000) -23.28000 (2.17000, -30.91000) 
Data: -32.86000 -20.73000 -17.21000 -16.38000 
FFT : -87.18000 (-15.65000, 4.35000) -12.96000 (-15.65000, -4.35000) 
Data: -4.02000 3.48000 8.52000 36.10000 
FFT : 44.08000 (-12.54000, 32.62000) -35.08000 (-12.54000, -32.62000) 
Data: 31.37000 14.25000 5.74000 32.27000 
FFT : 83.63000 (25.63000, 18.02000) -9.41000 (25.63000, -18.02000) 
Data: 26.94000 16.50000 35.42000 15.95000 
FFT : 94.81000 (-8.48000, -0.55000) 29.91000 (-8.48000, 0.55000) 
Data: 14.87000 0.16000 -9.93000 -6.03000 
FFT : -0.93000 (24.80000, -6.19000) 10.81000 (24.80000, 6.19000) 
Data: -9.24000 -31.66000 -2.04000 -38.72000 
FFT : -81.66000 (-7.20000, -7.06000) 59.10001 (-7.20000, 7.06000) 
Data: -51.91000 -23.82000 1.74000 -16.19000 
FFT : -90.18000 (-53.65000, 7.63000) -10.16000 (-53.65000, -7.63000) 
Data: -5.55000 -3.37000 3.54000 4.49000 
FFT : -0.89000 (-9.09000, 7.86000) -3.13000 (-9.09000, -7.86000) 
Data: 15.54000 21.11000 23.51000 38.44000 
FFT : 98.60000 (-7.97000, 17.33000) -20.50000 (-7.97000, -17.33000) 
Data: 31.51000 12.24000 40.65000 5.78000 
FFT : 90.18001 (-9.14000, -6.46000) 54.14000 (-9.14000, 6.46000) 
Data: 17.42000 8.26000 1.06000 -9.20000 
FFT : 17.54000 (16.36000, -17.46000) 19.42000 (16.36000, 17.46000) 
Data: -10.81000 6.93000 -40.95000 -18.60000 
FFT : -63.43000 (30.14000, -25.53000) -40.09000 (30.14000, 25.53000) 
Data: -31.80000 -25.80000 -21.34000 -17.92000 
FFT : -96.86000 (-10.46000, 7.88000) -9.42000 (-10.46000, -7.88000) 
Data: -7.20000 -18.03000 -6.33000 2.02000 
FFT : -29.54000 (-0.87000, 20.05000) 2.48000 (-0.87000, -20.05000) 
Data: 5.46000 26.57000 30.59000 10.92000 
FFT : 73.53999 (-25.13000, -15.65000) -1.44000 (-25.13000, 15.65000) 
Data: 27.94000 56.12000 25.67000 23.18000 
FFT : 132.91000 (2.27000, -32.94000) -25.69000 (2.27000, 32.94000) 
Data: 34.33000 22.55000 11.99000 3.23000 
FFT : 72.10000 (22.34000, -19.32000) 20.54000 (22.34000, 19.32000) 
Data: -9.77000 -8.87000 -12.93000 -12.13000 
FFT : -43.70000 (3.16000, -3.26000) -1.70000 (3.16000, 3.26000) 
Data: -19.48000 -29.28000 -36.46000 -10.11000 
FFT : -95.33000 (16.98000, 19.17000) -16.55000 (16.98000, -19.17000) 
Data: -27.55000 -12.47000 -14.12000 -6.45000 
FFT : -60.59000 (-13.43000, 6.02000) -22.75000 (-13.43000, -6.02000) 
Data: 0.85000 19.62000 6.49000 40.40000 
FFT : 67.36000 (-5.64000, 20.78000) -52.68000 (-5.64000, -20.78000) 
Data: 8.55000 28.55000 44.44000 20.43000 
FFT : 101.97000 (-35.89000, -8.12000) 4.01000 (-35.89000, 8.12000) 
Data: 28.17000 14.73000 6.19000 12.94000 
FFT : 62.03000 (21.98000, -1.79000) 6.69000 (21.98000, 1.79000) 
Data: 5.14000 -6.42000 -17.89000 -13.21000 
FFT : -32.38000 (23.03000, -6.79000) 6.88000 (23.03000, 6.79000) 
Data: -10.08000 -37.54000 -28.02000 -35.47000 
FFT : -111.11000 (17.94000, 2.07000) 34.91000 (17.94000, -2.07000) 
Data: -24.51000 -29.16000 -18.54000 -16.26000 
FFT : -88.47000 (-5.97000, 12.90000) 2.37000 (-5.97000, -12.90000) 
Data: -4.35000 0.16000 9.12000 11.15000 
FFT : 16.08000 (-13.47000, 10.99000) -6.54000 (-13.47000, -10.99000) 
Data: 25.85000 27.38000 27.50000 22.59000 
FFT : 103.32000 (-1.65000, -4.79000) 3.38000 (-1.65000, 4.79000) 
Data: 26.71000 34.51000 22.34000 15.27000 
FFT : 98.83000 (4.37000, -19.24000) -0.73000 (4.37000, 19.24000) 
Data: 18.15000 6.69000 -3.25000 -8.01000 
FFT : 13.58000 (21.40000, -14.70000) 16.22000 (21.40000, 14.70000) 
Data: -19.92000 -35.39000 -37.03000 -59.48000 
FFT : -151.81999 (17.11000, -24.09000) 37.92000 (17.11000, 24.09000) 
Data: -57.47000 -15.51000 -24.67000 -17.15000 
FFT : -114.80000 (-32.80000, -1.64000) -49.48000 (-32.80000, 1.64000) 
Data: -11.42000 -10.25000 -0.51000 1.15000 
FFT : -21.03000 (-10.91000, 11.40000) -2.83000 (-10.91000, -11.40000) 
Data: 15.22000 20.95000 23.65000 11.03000 
FFT : 70.85000 (-8.43000, -9.92000) 6.89000 (-8.43000, 9.92000) 
Data: 23.15000 46.90000 5.88000 11.21000 
FFT : 87.14000 (17.27000, -35.69000) -29.08000 (17.27000, 35.69000) 
Data: 21.00000 4.48000 2.45000 -2.01000 
FFT : 25.92000 (18.55000, -6.49000) 20.98000 (18.55000, 6.49000) 
Data: -12.95000 -26.98000 -26.25000 -23.61000 
FFT : -89.79000 (13.30000, 3.37000) 11.39000 (13.30000, -3.37000) 
Data: -32.97000 -33.84000 -49.18000 -25.39000 
FFT : -141.38000 (16.21000, 8.45000) -22.92000 (16.21000, -8.45000) 
Data: -19.89000 -16.01000 -6.26000 -0.04000 
FFT : -42.20000 (-13.63000, 15.97000) -10.10000 (-13.63000, -15.97000) 
Data: 10.66000 0.07000 27.60000 36.55000 
FFT : 74.88000 (-16.94000, 36.48000) 1.64000 (-16.94000, -36.48000) 
Data: 18.49000 -9.14000 -3.93000 0.42000 
FFT : 5.84000 (22.42000, 9.56000) 23.28000 (22.42000, -9.56000) 
Data: 37.28000 5.20000 5.58000 7.48000 
FFT : 55.54000 (31.70000, 2.28000) 30.18000 (31.70000, -2.28000) 
Data: -2.08000 -8.98000 -6.11000 -11.51000 
FFT : -28.68000 (4.03000, -2.53000) 12.30000 (4.03000, 2.53000) 
Data: -21.32000 -38.26000 -34.00000 -23.63000 
FFT : -117.21000 (12.68000, 14.63000) 6.57000 (12.68000, -14.63000) 
Data: -22.53000 -29.42000 -13.79000 -7.52000 
FFT : -73.25999 (-8.74000, 21.90000) 0.62000 (-8.74000, -21.90000) 
Data: -5.66000 5.07000 9.73000 25.27000 
FFT : 34.41000 (-15.39000, 20.20000) -26.27000 (-15.39000, -20.20000) 
Data: 19.81000 22.59000 18.04000 33.51000 
FFT : 93.95000 (1.77000, 10.92000) -18.25000 (1.77000, -10.92000) 
Data: -1.69000 29.66000 20.07000 19.95000 
FFT : 67.99000 (-21.76000, -9.71000) -31.23000 (-21.76000, 9.71000) 
Data: 4.51000 -0.03000 -11.58000 -14.45000 
FFT : -21.55000 (16.09000, -14.42000) 7.41000 (16.09000, 14.42000) 
Data: -13.92000 -3.49000 -21.33000 -57.57000 
FFT : -96.31000 (7.41000, -54.08000) 25.81000 (7.41000, 54.08000) 
Data: -34.46000 -12.17000 -27.24000 -6.39000 
FFT : -80.25999 (-7.22000, 5.78000) -43.14000 (-7.22000, -5.78000) 
Data: -8.75000 -2.01000 2.41000 7.03000 
FFT : -1.32000 (-11.16000, 9.04000) -11.36000 (-11.16000, -9.04000) 
Data: 26.15000 19.49000 16.80000 12.70000 
FFT : 75.14000 (9.35000, -6.79000) 10.76000 (9.35000, 6.79000) 
Data: 22.65000 35.71000 43.65000 10.29000 
FFT : 112.30000 (-21.00000, -25.42000) 20.30000 (-21.00000, 25.42000) 
Data: 11.34000 6.03000 0.79000 -2.30000 
FFT : 15.86000 (10.55000, -8.33000) 8.40000 (10.55000, 8.33000) 
Data: -22.16000 -19.61000 -36.13000 -28.29000 
FFT : -106.19000 (13.97000, -8.68000) -10.39000 (13.97000, 8.68000) 
Data: -59.15000 -35.54000 -29.36000 -24.25000 
FFT : -148.30000 (-29.79000, 11.29000) -28.72000 (-29.79000, -11.29000) 
Data: -30.91000 -15.18000 0.12000 1.76000 
FFT : -44.21000 (-31.03000, 16.94000) -17.37000 (-31.03000, -16.94000) 
Data: 12.70000 -0.94000 36.85000 28.06000 
FFT : 76.67000 (-24.15000, 29.00000) 22.43000 (-24.15000, -29.00000) 
Data: 33.64000 41.36000 26.04000 18.02000 
FFT : 119.06000 (7.60000, -23.34000) 0.30000 (7.60000, 23.34000) 
Data: 31.90000 11.27000 9.53000 3.07000 
FFT : 55.77000 (22.37000, -8.20000) 27.09000 (22.37000, 8.20000) 
Data: -3.99000 -16.14000 -23.61000 -40.70000 
FFT : -84.44000 (19.62000, -24.56000) 29.24000 (19.62000, 24.56000) 
Data: -38.46000 -17.54000 -9.86000 -30.86000 
FFT : -96.72000 (-28.60000, -13.32000) 0.08000 (-28.60000, 13.32000) 
Data: -19.79000 -21.82000 -8.68000 -4.67000 
FFT : -54.96000 (-11.11000, 17.15000) -1.98000 (-11.11000, -17.15000) 
Data: 2.38000 11.07000 20.98000 45.07000 
FFT : 79.50000 (-18.60000, 34.00000) -32.78000 (-18.60000, -34.00000) 
Data: 19.74000 32.73000 9.18000 20.78000 
FFT : 82.43000 (10.56000, -11.95000) -24.59000 (10.56000, 11.95000) 
Data: 25.49000 19.63000 23.05000 7.33000 
FFT : 75.50000 (2.44000, -12.30000) 21.58000 (2.44000, 12.30000) 
Data: 3.34000 -2.41000 -9.76000 -24.56000 
FFT : -33.39000 (13.10000, -22.15000) 20.55000 (13.10000, 22.15000) 
Data: -18.26000 -13.64000 -3.56000 -52.08000 
FFT : -87.54000 (-14.70000, -38.44000) 43.90000 (-14.70000, 38.44000) 
Data: -25.97000 -9.18000 -12.53000 -11.84000 
FFT : -59.52000 (-13.44000, -2.66000) -17.48000 (-13.44000, 2.66000) 
Data: -4.06000 0.30000 10.57000 23.72000 
FFT : 30.53000 (-14.63000, 23.42000) -17.51000 (-14.63000, -23.42000) 
Data: 0.83000 34.28000 29.56000 31.36000 
FFT : 96.03000 (-28.73000, -2.92000) -35.25000 (-28.73000, 2.92000) 
Data: 16.92000 3.68000 24.38000 20.98000 
FFT : 65.96000 (-7.46000, 17.30000) 16.64000 (-7.46000, -17.30000) 
Data: 9.25000 5.65000 -7.44000 -9.86000 
FFT : -2.40000 (16.69000, -15.51000) 6.02000 (16.69000, 15.51000) 
Data: -10.84000 -0.90000 -51.80000 -41.21000 
FFT : -104.75000 (40.96000, -40.31000) -20.53000 (40.96000, 40.31000) 
Data: -46.05000 -6.45000 -24.66000 -12.63000 
FFT : -89.79000 (-21.39000, -6.18000) -51.63000 (-21.39000, 6.18000) 
Data: -12.65000 -6.31000 -0.24000 7.64000 
FFT : -11.56000 (-12.41000, 13.95000) -14.22000 (-12.41000, -13.95000) 
Data: 7.84000 24.39000 37.87000 22.25000 
FFT : 92.35000 (-30.03000, -2.14000) -0.93000 (-30.03000, 2.14000) 
Data: 1.34000 36.35000 27.04000 24.79000 
FFT : 89.52000 (-25.70000, -11.56000) -32.76000 (-25.70000, 11.56000) 
Data: 0.19000 16.53000 5.69000 -1.59000 
FFT : 20.82000 (-5.50000, -18.12000) -9.06000 (-5.50000, 18.12000) 
Data: -6.92000 -14.46000 -33.56000 -13.75000 
FFT : -68.69000 (26.64000, 0.71000) -12.27000 (26.64000, -0.71000) 
Data: -30.80000 -38.93000 -14.92000 -47.77000 
FFT : -132.42000 (-15.88000, -8.84000) 40.98000 (-15.88000, 8.84000) 
Data: -23.33000 -26.01000 -3.26000 -1.48000 
FFT : -54.08000 (-20.07000, 24.53000) 0.90000 (-20.07000, -24.53000) 
Data: 1.93000 7.56000 30.64000 30.40000 
FFT : 70.53000 (-28.71000, 22.84000) -5.39000 (-28.71000, -22.84000) 
Data: 28.45000 25.47000 21.38000 18.05000 
FFT : 93.35000 (7.07000, -7.42000) 6.31001 (7.07000, 7.42000) 
Data: 16.52000 15.36000 14.57000 3.39000 
FFT : 49.84000 (1.95000, -11.97000) 12.34000 (1.95000, 11.97000) 
Data: -1.52000 0.09000 -12.08000 -14.61000 
FFT : -28.12000 (10.56000, -14.70000) 0.92000 (10.56000, 14.70000) 
Data: -39.58000 -17.79000 -15.07000 -22.02000 
FFT : -94.46001 (-24.51000, -4.23000) -14.84000 (-24.51000, 4.23000) 
