Data: 5.70000 19.26000 11.20000 25.08000 
FFT : 61.24000 (-5.50000, 5.82000) -27.44000 (-5.50000, -5.82000) 
Data: 25.74000 13.76000 42.32000 16.22000 
FFT : 98.03999 (-16.58000, 2.46000) 38.08000 (-16.58000, -2.46000) 
Data: 17.55000 27.94000 15.59000 2.05000 
FFT : 63.13000 (1.96000, -25.89000) 3.15000 (1.96000, 25.89000) 
Data: -5.42000 -1.93000 -13.83000 -13.76000 
FFT : -34.94000 (8.41000, -11.83000) -3.56000 (8.41000, 11.83000) 
Data: -11.57000 -27.60000 -45.21000 -3.46000 
FFT : -87.84000 (33.64000, 24.14000) -25.72000 (33.64000, -24.14000) 
Data: -41.40000 -30.63000 -21.75000 -7.15000 
FFT : -100.93000 (-19.65000, 23.48000) -25.37000 (-19.65000, -23.48000) 
Data: -0.91000 1.44000 8.13000 24.36000 
FFT : 33.02000 (-9.04000, 22.92000) -18.58000 (-9.04000, -22.92000) 
Data: 42.29000 26.56000 26.76000 20.44000 
FFT : 116.05000 (15.53000, -6.12000) 22.05000 (15.53000, 6.12000) 
Data: 28.80000 31.28000 17.17000 16.01000 
FFT : 93.26000 (11.63000, -15.27000) -1.32000 (11.63000, 15.27000) 
Data: 2.58000 -2.04000 -3.47000 -20.21000 
FFT : -23.14000 (6.05000, -18.17000) 21.36000 (6.05000, 18.17000) 
Data: -18.38000 -29.38000 -38.37000 -49.19000 
FFT : -135.32001 (19.99000, -19.81000) 21.82000 (19.99000, 19.81000) 
Data: -18.16000 -38.17000 -12.09000 -13.77000 
FFT : -82.19000 (-6.07000, 24.40000) 21.69000 (-6.07000, -24.40000) 
Data: -7.83000 -2.51000 3.60000 10.84000 
FFT : 4.10000 (-11.43000, 13.35000) -12.56000 (-11.43000, -13.35000) 
Data: 17.08000 10.88000 53.01000 32.48000 
FFT : 113.45000 (-35.93000, 21.60000) 26.73000 (-35.93000, -21.60000) 
Data: 12.95000 32.24000 39.75000 23.39000 
FFT : 108.33000 (-26.80000, -8.85000) -2.93000 (-26.80000, 8.85000) 
Data: 19.46000 5.71000 -1.30000 -9.49000 
FFT : 14.38000 (20.76000, -15.20000) 21.94000 (20.76000, 15.20000) 
Data: -15.59000 -23.36000 -27.16000 -11.51000 
FFT : -77.62000 (11.57000, 11.85000) -7.88000 (11.57000, -11.85000) 
Data: -27.43000 -57.97000 -37.06000 -16.16000 
FFT : -138.62001 (9.63000, 41.81000) 9.64000 (9.63000, -41.81000) 
Data: -20.57000 -12.56000 -1.10000 2.76000 
FFT : -31.47000 (-19.47000, 15.32000) -11.87000 (-19.47000, -15.32000) 
Data: 14.91000 23.02000 31.66000 25.18000 
FFT : 94.77000 (-16.75000, 2.16000) -1.63000 (-16.75000, -2.16000) 
Data: 38.10000 22.55000 9.25000 38.06000 
FFT : 107.96000 (28.85000, 15.51000) -13.26000 (28.85000, -15.51000) 
Data: 11.04000 3.96000 7.20000 -0.37000 
FFT : 21.83000 (3.84000, -4.33000) 14.65000 (3.84000, 4.33000) 
Data: -4.05000 -16.24000 -22.55000 -39.06000 
FFT : -81.90000 (18.50000, -22.82000) 28.70000 (18.50000, 22.82000) 
Data: -17.75000 -13.91000 -39.17000 4.28000 
FFT : -66.55000 (21.42000, 18.19000) -47.29000 (21.42000, -18.19000) 
Data: -27.14000 -9.28000 -12.13000 1.62000 
FFT : -46.93000 (-15.01000, 10.90000) -31.61000 (-15.01000, -10.90000) 
