Data: 4.32000 12.22000 25.61000 19.44000 24.49000 51.18000 36.77000 29.52000 
FFT : 203.55000 (-40.59124, 45.83651) (-33.57000, -14.44000) (0.25124, 23.51651) -21.17000 (0.25124, -23.51651) (-33.57000, 14.44000) (-40.59124, -45.83651) 
Data: 21.31000 27.19000 8.97000 2.84000 -4.25000 -14.53000 -14.64000 -14.91000 
FFT : 11.98000 (42.50935, -65.66164) (22.73000, -24.73000) (8.61065, -18.44164) 10.80000 (8.61065, 18.44164) (22.73000, 24.73000) (42.50935, 65.66164) 
Data: -34.45000 -38.20000 -24.62000 -36.10000 -28.49000 -19.22000 -3.15000 -9.81000 
FFT : -194.04001 (-0.79105, 53.48072) (-35.17000, 11.51000) (-11.12895, 10.54072) 12.62000 (-11.12895, -10.54072) (-35.17000, -11.51000) (-0.79106, -53.48072) 
Data: -1.89000 13.46000 20.59000 29.85000 20.68000 37.76000 22.90000 -2.45000 
FFT : 140.89999 (-62.59224, -3.34685) (-24.70000, -23.82000) (17.45224, -7.96685) -16.34000 (17.45224, 7.96685) (-24.70000, 23.82000) (-62.59224, 3.34686) 
Data: 19.03000 32.87000 8.44000 25.59000 6.88000 -0.74000 -11.78000 -10.45000 
FFT : 69.84000 (10.43173, -69.46999) (29.25000, -16.99000) (13.86827, -29.02999) -24.70000 (13.86827, 29.02999) (29.25000, 16.99000) (10.43173, 69.46999) 
Data: -2.65000 -21.12000 -42.13000 -21.47000 -10.24000 -16.27000 -46.24000 -8.18000 
FFT : -168.30000 (13.55798, 8.71692) (75.48000, 7.74000) (1.62202, 16.93692) -34.22000 (1.62202, -16.93692) (75.48000, -7.74000) (13.55798, -8.71692) 
Data: -10.24000 -1.56000 7.20000 5.43000 9.36000 17.37000 24.71000 58.76000 
FFT : 111.03000 (4.72447, 68.60553) (-32.79000, 48.37999) (-43.92447, 33.58554) -48.97000 (-43.92447, -33.58554) (-32.79000, -48.37999) (4.72447, -68.60553) 
Data: 41.61000 32.63000 26.63000 15.04000 4.41000 -1.16000 0.55000 -12.07000 
FFT : 107.64000 (41.92348, -69.14281) (18.84000, -28.50000) (32.47652, -16.98281) 38.75999 (32.47652, 16.98281) (18.84000, 28.50000) (41.92348, 69.14281) 
Data: -22.60000 -24.73000 -11.12000 -33.08000 -30.87000 -3.90000 -31.59000 -26.29000 
FFT : -184.17999 (-1.65778, -0.93971) (-10.76000, -30.74000) (18.19778, 40.00029) -8.18000 (18.19778, -40.00029) (-10.76000, 30.74000) (-1.65778, 0.93971) 
Data: -13.52000 -4.44000 -1.11000 7.44000 10.08000 18.38000 22.56000 20.35000 
FFT : 59.74000 (-30.60743, 48.93493) (-24.89000, 13.85000) (-16.59257, 1.59492) -23.72000 (-16.59257, -1.59492) (-24.89000, -13.85000) (-30.60743, -48.93493) 
Data: 30.32000 15.50000 25.92000 23.54000 13.36000 10.15000 8.35000 -0.36000 
FFT : 126.78000 (3.84317, -38.25287) (9.41000, -2.47000) (30.07683, -3.11287) 29.12000 (30.07683, 3.11287) (9.41000, 2.47000) (3.84317, 38.25288) 
Data: -11.07000 -26.72000 -33.85000 -32.15000 -43.54000 -29.05000 -21.98000 -45.24000 
FFT : -243.60001 (24.86153, 0.96641) (1.22000, -21.62000) (40.07847, -22.77359) 22.72000 (40.07847, 22.77359) (1.22000, 21.62000) (24.86153, -0.96641) 
Data: -53.72000 5.12000 -15.32000 -4.09000 5.90000 19.32000 17.44000 26.05000 
FFT : 0.70000 (-48.34872, 64.11311) (-49.94000, -2.48000) (-70.89128, -1.40689) -92.09999 (-70.89128, 1.40689) (-49.94000, 2.48000) (-48.34872, -64.11311) 
Data: 29.29000 27.78000 37.00000 16.98000 26.29000 25.79000 32.79000 8.30000 
FFT : 204.22000 (-1.73054, -11.75483) (-14.21000, -28.29000) (7.73054, -3.33483) 46.52000 (7.73054, 3.33483) (-14.21000, 28.29000) (-1.73054, 11.75483) 
Data: 1.10000 -5.34000 -14.08000 -11.08000 -55.48000 15.03000 -21.34000 -28.23000 
FFT : -119.42000 (30.04935, -4.98312) (-18.96000, -49.00000) (83.11064, 9.53688) -60.18000 (83.11064, -9.53688) (-18.96000, 49.00000) (30.04935, 4.98312) 
Data: -25.76000 -20.13000 -2.10000 -15.39000 -6.74000 1.69000 14.27000 6.56000 
FFT : -47.60000 (-18.92807, 47.32006) (-44.67000, 9.61000) (-19.11192, 14.58006) 6.94000 (-19.11193, -14.58006) (-44.67000, -9.61000) (-18.92808, -47.32007) 
Data: 34.42000 21.31000 26.14000 29.98000 50.24000 28.97000 32.72000 17.25000 
FFT : 241.03000 (-30.23791, 2.99497) (25.80000, -3.05000) (-1.40210, -10.16503) 46.01001 (-1.40210, 10.16503) (25.80000, 3.05000) (-30.23791, -2.99497) 
Data: 16.06000 0.67000 -8.10000 -2.37000 -17.61000 -21.74000 -20.36000 -23.17000 
FFT : -76.62000 (34.80844, -42.81408) (26.91000, -4.47000) (32.53156, -18.29408) 16.60000 (32.53156, 18.29408) (26.91000, 4.47000) (34.80844, 42.81408) 
Data: -46.14000 -38.08000 -33.94000 -17.43000 -1.43000 -7.09000 1.80000 12.84000 
FFT : -129.47000 (-45.21912, 79.05736) (-15.43000, 40.58000) (-44.20088, 7.57736) -29.95000 (-44.20088, -7.57736) (-15.43000, -40.58000) (-45.21912, -79.05736) 
Data: 6.97000 22.15000 20.38000 41.70000 16.00000 32.27000 28.56000 12.36000 
FFT : 180.38998 (-36.93243, -5.41059) (-25.97000, -0.36000) (18.87243, -21.77059) -36.57000 (18.87243, 21.77059) (-25.97000, 0.36000) (-36.93243, 5.41059) 
Data: 15.21000 4.80000 4.22000 -5.13000 -15.57000 -16.38000 -29.29000 -5.71000 
FFT : -47.85000 (45.34640, -48.89664) (24.71000, 0.74000) (16.21360, 18.12336) -3.01000 (16.21360, -18.12336) (24.71000, -0.74000) (45.34640, 48.89664) 
Data: -34.10000 -27.26000 -15.91000 -25.40000 -27.23000 -10.80000 -7.71000 0.31000 
FFT : -148.10001 (-0.32926, 38.01869) (-37.71000, 12.97000) (-13.41074, 21.61869) -21.80000 (-13.41074, -21.61869) (-37.71000, -12.97000) (-0.32926, -38.01869) 
Data: -0.77000 13.42000 18.75000 29.59000 31.20000 44.06000 28.53000 55.56000 
FFT : 220.34000 (-35.27219, 49.80931) (-16.85000, 27.67000) (-28.66781, 30.24932) -64.92001 (-28.66781, -30.24931) (-16.85000, -27.67000) (-35.27219, -49.80932) 
Data: 20.61000 15.61000 10.56000 3.90000 -4.51000 -10.98000 -18.49000 -34.90000 
FFT : -18.20000 (16.48622, -75.28771) (24.03000, -35.63000) (33.75378, -17.18772) 34.54000 (33.75378, 17.18771) (24.03000, 35.63000) (16.48623, 75.28772) 
Data: -40.79000 -44.58000 -32.11000 -36.45000 -15.39000 -10.04000 -9.82000 -1.88000 
FFT : -191.06000 (-25.37879, 71.15815) (-14.25000, 16.29000) (-25.42122, 26.57815) -5.16000 (-25.42121, -26.57815) (-14.25000, -16.29000) (-25.37879, -71.15815) 
Data: -0.72000 0.15000 12.81000 15.06000 39.69000 27.55000 14.52000 28.47000 
FFT : 137.53000 (-50.30243, 30.56702) (11.64000, 15.83000) (-30.51757, 27.14703) -4.92999 (-30.51757, -27.14703) (11.63999, -15.83000) (-50.30243, -30.56702) 
Data: 17.43000 35.74000 4.34000 -1.09000 4.33000 -2.33000 -11.84000 -16.34000 
FFT : 30.24000 (29.23618, -53.88293) (29.26000, -50.84000) (-3.03617, -21.52293) -1.72000 (-3.03618, 21.52293) (29.26000, 50.84000) (29.23618, 53.88293) 
Data: -32.79000 -45.60000 -23.97000 -2.12000 -52.77000 -14.37000 -18.44000 -13.48000 
FFT : -203.54001 (-10.13568, 19.58021) (-43.14999, 44.37000) (50.09568, 8.52021) -52.40000 (50.09568, -8.52021) (-43.15000, -44.37000) (-10.13568, -19.58021) 
Data: -10.34000 -0.55000 5.94000 7.49000 25.53000 56.99000 21.46000 40.31000 
FFT : 146.83000 (-53.34968, 79.41417) (-12.21000, -8.64000) (-18.39032, 48.37417) -61.65001 (-18.39032, -48.37417) (-12.21000, 8.64000) (-53.34968, -79.41417) 
Data: 23.64000 30.94000 31.28000 29.66000 5.06000 6.05000 -1.73000 -7.23000 
FFT : 117.67000 (10.09472, -76.69505) (-0.85000, -14.56000) (27.06528, -10.67506) -1.17000 (27.06528, 10.67505) (-0.85000, 14.56000) (10.09472, 76.69506) 
Data: -18.23000 -30.10000 -22.08000 -30.97000 -50.73000 -27.52000 -31.34000 -23.25000 
FFT : -234.22000 (36.13453, -1.97680) (-15.54000, 3.40000) (28.86547, 16.54320) -10.53999 (28.86547, -16.54320) (-15.54000, -3.40000) (36.13453, 1.97680) 
Data: -17.80000 -10.48000 -2.10000 6.43000 14.67000 8.29000 5.13000 13.08000 
FFT : 17.22000 (-41.04013, 25.20465) (-6.16000, 21.70000) (-23.89987, 10.74466) -17.42000 (-23.89987, -10.74466) (-6.16000, -21.70000) (-41.04013, -25.20465) 
Data: 26.08000 36.63000 51.84000 10.23000 22.27000 27.35000 9.41000 -1.15000 
FFT : 182.66000 (2.32507, -57.03883) (-12.90000, -54.90000) (5.29492, 27.82117) 36.53999 (5.29492, -27.82117) (-12.90000, 54.90000) (2.32508, 57.03883) 
Data: -15.49000 -11.36000 -15.28000 -6.14000 -24.31000 -33.88000 -35.72000 -22.01000 
FFT : -164.19000 (13.52226, -47.58583) (11.20000, 17.09000) (4.11774, -6.70583) -17.41000 (4.11774, 6.70583) (11.20000, -17.09000) (13.52226, 47.58583) 
Data: -20.55000 -31.32000 -14.03000 -2.68000 3.66000 15.54000 27.11000 44.71000 
FFT : 22.44000 (-23.83523, 107.78481) (-29.97000, 57.81000) (-24.58476, 25.50481) -30.06000 (-24.58476, -25.50481) (-29.97000, -57.81000) (-23.83524, -107.78481) 
Data: 42.91000 28.46000 32.11000 25.93000 21.01000 10.81000 13.25000 13.52000 
FFT : 188.00000 (25.60524, -40.11563) (18.56000, 0.18000) (18.19476, -2.39563) 30.56000 (18.19476, 2.39563) (18.56000, -0.18000) (25.60524, 40.11563) 
Data: 0.23000 -3.75000 -23.44000 -21.07000 -18.96000 -41.83000 -45.00000 -18.07000 
FFT : -171.89000 (48.23795, -46.36530) (49.71000, 6.44000) (-9.85795, -3.24531) -2.45000 (-9.85795, 3.24531) (49.71000, -6.44000) (48.23795, 46.36530) 
Data: -24.52000 -37.65000 -19.08000 -13.26000 -4.61000 2.82000 14.51000 22.34000 
FFT : -59.45000 (-23.35361, 87.37961) (-24.56000, 43.91000) (-16.46639, 20.19961) -7.95000 (-16.46639, -20.19961) (-24.56000, -43.91000) (-23.35361, -87.37961) 
Data: 34.58000 26.17000 16.88000 34.41000 23.14000 30.04000 26.92000 14.41000 
FFT : 206.55000 (-5.43864, -1.36563) (13.92000, -7.39000) (28.31864, -21.44563) -3.50999 (28.31864, 21.44563) (13.92000, 7.39000) (-5.43864, 1.36563) 
Data: 11.44000 1.72000 -10.38000 -17.70000 -25.80000 -14.52000 -35.58000 -14.66000 
FFT : -105.48000 (50.87302, -34.53381) (31.60000, -19.56000) (23.60698, 15.86619) -15.16000 (23.60698, -15.86619) (31.60000, 19.56000) (50.87302, 34.53381) 
Data: -16.29000 -23.99000 -21.09000 -45.03000 -19.03000 -9.59000 1.92000 9.02000 
FFT : -124.07999 (30.77679, 71.41145) (-16.15000, -2.43000) (-25.29678, 25.39146) 15.10000 (-25.29678, -25.39145) (-16.15000, 2.43000) (30.77678, -71.41146) 
Data: 12.57000 14.39000 30.67000 -5.97000 19.88000 31.78000 26.60000 11.66000 
FFT : 141.58000 (-7.14029, 20.69288) (-24.82001, -40.48000) (-7.47970, 28.83288) 37.86000 (-7.47970, -28.83288) (-24.82000, 40.48000) (-7.14029, -20.69288) 
Data: 20.76000 11.26000 3.25000 -3.36000 -7.26000 -18.12000 -25.02000 -18.49000 
FFT : -36.98000 (38.09627, -59.74332) (35.27000, -14.99000) (17.94373, -3.20332) 20.44000 (17.94373, 3.20332) (35.27000, 14.99000) (38.09628, 59.74332) 
Data: -44.37000 -17.46000 -24.30000 -34.80000 -10.86000 -10.09000 -3.54000 2.25000 
FFT : -143.17000 (-12.52307, 52.16968) (-27.39000, -5.00000) (-54.49693, 10.64968) -22.97000 (-54.49693, -10.64968) (-27.39000, 5.00000) (-12.52307, -52.16968) 
Data: 8.64000 8.45000 22.06000 21.27000 28.40000 39.61000 42.29000 -0.80000 
FFT : 169.92000 (-57.39929, 26.65760) (-27.31000, -27.59000) (17.87929, -13.80240) 32.86000 (17.87930, 13.80240) (-27.31000, 27.59000) (-57.39929, -26.65760) 
Data: 35.29000 -4.42000 0.65000 4.03000 -5.13000 2.90000 -17.84000 -26.85000 
FFT : -11.37000 (13.40852, -35.14944) (47.35000, -21.30000) (67.43148, 1.83056) 37.31000 (67.43148, -1.83056) (47.35000, 21.30000) (13.40852, 35.14944) 
Data: -12.55000 -34.25000 -26.91000 -40.20000 -18.73000 -29.28000 -23.46000 -6.60000 
FFT : -191.98000 (26.42447, 30.72311) (19.09000, 16.73000) (-14.06447, 23.82311) 28.68001 (-14.06447, -23.82311) (19.09000, -16.73000) (26.42447, -30.72311) 
Data: 0.08000 5.74000 13.05000 12.69000 24.24000 26.86000 27.38000 31.86000 
FFT : 141.89999 (-25.53886, 42.81933) (-16.11000, 11.95000) (-22.78114, 14.15934) -12.39999 (-22.78114, -14.15934) (-16.11000, -11.95000) (-25.53886, -42.81933) 
Data: 19.37000 20.07000 20.30000 14.25000 2.65000 -3.41000 -10.33000 -14.78000 
FFT : 48.12000 (12.79556, -67.76017) (12.05000, -17.19000) (20.64445, -6.50018) 15.86000 (20.64444, 6.50017) (12.05000, 17.19000) (12.79556, 67.76018) 
Data: -21.18000 -25.89000 -22.54000 -36.26000 -24.21000 -30.88000 -6.21000 -14.65000 
FFT : -181.81999 (21.83904, 28.08212) (-16.64000, 5.86000) (-15.77904, -4.57789) 33.53999 (-15.77904, 4.57789) (-16.64000, -5.86000) (21.83904, -28.08212) 
Data: -9.58000 -0.15000 5.88000 13.69000 17.23000 20.49000 13.48000 25.50000 
FFT : 86.54000 (-33.05375, 30.54561) (-11.71000, 18.85000) (-20.56625, 15.34561) -32.52000 (-20.56625, -15.34561) (-11.71000, -18.85000) (-33.05375, -30.54561) 
Data: 38.93000 20.91000 19.17000 31.59000 22.80000 3.14000 -2.54000 -9.70000 
FFT : 124.30000 (-0.50115, -63.47173) (45.10000, -2.16000) (32.76115, -20.05173) 32.42000 (32.76115, 20.05173) (45.10000, 2.16000) (-0.50115, 63.47173) 
Data: -3.25000 -15.31000 -8.63000 -20.92000 -28.79000 -31.71000 -40.11000 -27.35000 
FFT : -176.07001 (32.58985, -47.62325) (16.70000, -1.25000) (18.49015, 15.33675) 14.51000 (18.49015, -15.33675) (16.70000, 1.25000) (32.58986, 47.62325) 
Data: -22.53000 -11.09000 -3.00000 2.55000 -1.98000 26.94000 59.25000 5.85000 
FFT : 55.99000 (-45.10782, 91.47472) (-80.76000, -7.45000) (4.00781, -33.02528) 7.49000 (4.00782, 33.02528) (-80.76000, 7.45000) (-45.10782, -91.47472) 
Data: 11.51000 34.68000 43.14000 25.17000 5.16000 22.93000 5.06000 -1.36000 
FFT : 146.29001 (-4.10104, -65.14804) (-31.53000, -33.80000) (16.80104, 11.01195) -16.55000 (16.80104, -11.01195) (-31.53000, 33.80000) (-4.10104, 65.14804) 
Data: -10.16000 -7.17000 -38.07000 -22.97000 -42.39000 -15.69000 -36.74000 -36.69000 
FFT : -209.88000 (28.55304, -14.39606) (22.26000, -36.80000) (35.90696, -17.05605) -44.84000 (35.90696, 17.05605) (22.26000, 36.80000) (28.55305, 14.39606) 
Data: -28.32000 -25.13000 -12.99000 -3.88000 6.92000 6.83000 16.08000 45.77000 
FFT : 5.28000 (-22.73128, 86.77699) (-24.49000, 60.19000) (-47.74872, 28.63699) -41.90000 (-47.74872, -28.63699) (-24.49000, -60.19000) (-22.73128, -86.77699) 
Data: 6.11000 29.72000 8.29000 4.26000 23.44000 30.39000 4.00000 7.94000 
FFT : 114.14999 (-15.20161, -1.21409) (17.26000, -47.91000) (-19.45839, 7.36591) -30.47000 (-19.45839, -7.36591) (17.26000, 47.91000) (-15.20161, 1.21409) 
Data: -0.24000 -10.91000 -7.19000 -13.79000 -19.71000 -33.29000 -35.07000 -47.49000 
FFT : -167.69000 (11.46555, -67.53455) (22.31000, -17.08000) (27.47445, -11.77455) 43.27000 (27.47445, 11.77455) (22.31000, 17.08000) (11.46555, 67.53455) 
Data: -22.57000 -29.79000 -3.79000 -12.48000 -3.10000 4.44000 13.10000 15.18000 
FFT : -39.01000 (-24.11569, 60.65284) (-34.98000, 28.05000) (-14.82431, 26.87284) 6.29000 (-14.82431, -26.87284) (-34.98000, -28.05000) (-24.11569, -60.65284) 
Data: 31.09000 6.84000 41.92000 41.24000 28.10000 23.53000 28.30000 5.90000 
FFT : 206.92001 (-33.80077, -26.80754) (-11.03000, 16.77000) (39.78077, 0.43246) 51.90000 (39.78077, -0.43246) (-11.03000, -16.77000) (-33.80076, 26.80754) 
Data: 8.00000 1.10000 -7.44000 -19.37000 -22.28000 -29.91000 -21.69000 -51.99000 
FFT : -143.58000 (29.14156, -59.24320) (14.85000, -42.55000) (31.41844, -30.74321) 56.75999 (31.41845, 30.74320) (14.85000, 42.55000) (29.14156, 59.24321) 
Data: -40.84000 -45.26000 -27.67000 -28.53000 -8.81000 -5.54000 2.71000 5.82000 
FFT : -148.12000 (-35.82716, 82.75540) (-24.69000, 28.09000) (-28.23284, 21.99540) -1.10000 (-28.23284, -21.99540) (-24.69000, -28.09000) (-35.82716, -82.75540) 
Data: 22.24000 10.70000 32.52000 30.17000 31.49000 11.78000 19.41000 23.41000 
FFT : 181.72000 (-14.79372, -17.12637) (1.80000, 31.10000) (-3.70628, 9.09363) 29.60001 (-3.70628, -9.09363) (1.80000, -31.10000) (-14.79372, 17.12637) 
Data: 25.05000 5.15000 1.03000 -8.00000 -13.78000 -13.48000 -18.76000 -50.49000 
FFT : -73.28000 (21.95843, -63.00837) (29.00000, -50.16000) (55.70156, -23.42837) 60.36000 (55.70157, 23.42836) (29.00000, 50.16000) (21.95843, 63.00837) 
Data: -19.00000 -35.21000 -21.07000 -33.39000 -29.38000 -22.15000 -5.06000 0.90000 
FFT : -164.35999 (25.39188, 49.49151) (-22.25000, 24.87000) (-4.63188, 17.47151) 15.34000 (-4.63188, -17.47151) (-22.25000, -24.87000) (25.39188, -49.49151) 
Data: 12.83000 20.58000 23.96000 27.79000 11.91000 30.09000 3.42000 9.49000 
FFT : 140.06999 (-18.74464, -26.75547) (-2.64000, -13.39000) (20.58464, 14.32453) -35.83000 (20.58464, -14.32453) (-2.64000, 13.39000) (-18.74464, 26.75547) 
Data: 35.95000 15.56000 13.00000 3.96000 -9.11000 -7.18000 -22.49000 -19.30000 
FFT : 10.39000 (44.69231, -68.01691) (36.33000, -23.72000) (45.42770, 2.96309) 24.31000 (45.42770, -2.96309) (36.33000, 23.72000) (44.69231, 68.01691) 
Data: -26.72000 0.24000 0.58000 -43.13000 -43.33000 -10.40000 -20.44000 -3.34000 
FFT : -146.54001 (52.26939, -0.40784) (-50.19000, -36.31000) (-19.04939, 41.63216) -33.28000 (-19.04939, -41.63216) (-50.19000, 36.31000) (52.26939, 0.40784) 
Data: 0.70000 5.40000 22.22000 1.33000 45.66000 42.59000 53.78000 20.26000 
FFT : 191.94000 (-57.87177, 71.24283) (-29.64000, -26.40000) (-32.04823, 8.12283) 52.78000 (-32.04823, -8.12283) (-29.64000, 26.40000) (-57.87177, -71.24283) 
Data: 14.00000 33.63000 12.20000 15.30000 6.43000 -2.54000 -7.30000 3.03000 
FFT : 74.75000 (24.46985, -53.75225) (15.53000, -12.76000) (-9.32985, -14.75225) -24.09000 (-9.32985, 14.75225) (15.53000, 12.76000) (24.46985, 53.75225) 
Data: 4.37000 -21.56000 -30.58000 -21.95000 -33.33000 -32.41000 -24.65000 -10.24000 
FFT : -170.35001 (53.65233, 6.53811) (26.27000, 21.78000) (21.74767, -5.32189) 1.97000 (21.74767, 5.32189) (26.27000, -21.78000) (53.65233, -6.53811) 
Data: -1.03000 -0.51000 7.13000 19.39000 9.40000 25.36000 8.81000 26.61000 
FFT : 95.16000 (-23.61754, 25.07817) (-7.57000, 21.15000) (2.75754, 21.71816) -46.54000 (2.75754, -21.71816) (-7.57000, -21.15000) (-23.61754, -25.07817) 
Data: 30.15000 17.46000 21.76000 9.95000 11.58000 6.23000 -2.61000 -12.99000 
FFT : 81.53000 (10.28978, -48.53184) (22.58000, -26.73000) (26.85022, 0.20816) 40.23000 (26.85022, -0.20817) (22.58000, 26.73000) (10.28978, 48.53184) 
Data: -11.63000 -24.32000 -24.65000 -48.03000 -42.47000 7.13000 -23.08000 -8.43000 
FFT : -175.48000 (36.60292, 51.80993) (-6.37000, -39.27000) (25.07708, 48.66994) -28.18001 (25.07708, -48.66993) (-6.37000, 39.27000) (36.60292, -51.80994) 
Data: -11.54000 -5.98000 -0.74000 5.99000 8.70000 8.52000 5.78000 29.76000 
FFT : 40.49000 (-13.68512, 33.58098) (-7.88000, 33.21000) (-26.79488, 20.54098) -36.09000 (-26.79488, -20.54098) (-7.88000, -33.21000) (-13.68512, -33.58098) 
Data: 39.48000 24.86000 28.99000 36.00000 25.26000 5.82000 4.99000 -1.96000 
FFT : 163.44000 (0.84154, -64.30508) (30.76000, 3.36000) (27.59846, -16.30509) 34.00000 (27.59846, 16.30508) (30.76000, -3.36000) (0.84154, 64.30508) 
Data: -12.26000 -21.34000 -7.53000 -19.79000 -7.90000 -64.57000 1.29000 -27.10000 
FFT : -159.20000 (21.03928, -26.91718) (-13.92000, 39.02000) (-29.75928, -44.55717) 106.40000 (-29.75928, 44.55717) (-13.92000, -39.02000) (21.03928, 26.91718) 
Data: -8.87000 -14.36000 -9.16000 -4.49000 3.16000 18.53000 0.65000 41.11000 
FFT : 26.57000 (-3.04267, 65.31081) (2.80000, 32.45000) (-21.01732, 45.69081) -55.01001 (-21.01733, -45.69081) (2.80000, -32.45000) (-3.04268, -65.31081) 
Data: 20.50000 36.82000 38.40000 41.92000 44.78000 34.80000 25.46000 8.55000 
FFT : 251.23000 (-46.44780, -37.96451) (1.42000, -21.15000) (-2.11220, -12.08451) 7.05000 (-2.11220, 12.08450) (1.42000, 21.15000) (-46.44779, 37.96451) 
Data: -0.64000 -11.22000 -25.40000 -37.46000 -16.77000 -21.67000 -18.94000 9.24000 
FFT : -122.86000 (56.54115, 32.09262) (26.93000, 4.67000) (-24.28115, 19.17262) -0.64000 (-24.28115, -19.17262) (26.93000, -4.67000) (56.54115, -32.09262) 
Data: -32.86000 -20.73000 -17.21000 -16.38000 -4.02000 3.48000 8.52000 36.10000 
FFT : -43.10000 (-8.85009, 79.95801) (-28.19000, 36.97000) (-48.82991, 28.49801) -48.04000 (-48.82990, -28.49801) (-28.19000, -36.97000) (-8.85010, -79.95801) 
Data: 31.37000 14.25000 5.74000 32.27000 26.94000 16.50000 35.42000 15.95000 
FFT : 178.44000 (-8.70097, 19.73101) (17.15001, 17.47000) (17.56097, -39.62899) 20.50000 (17.56097, 39.62899) (17.15001, -17.47000) (-8.70097, -19.73101) 
Data: 14.87000 0.16000 -9.93000 -6.03000 -9.24000 -31.66000 -2.04000 -38.72000 
FFT : -82.59000 (23.49481, -37.72546) (17.60000, -13.25000) (24.72518, -53.50546) 69.91000 (24.72519, 53.50546) (17.60000, 13.25000) (23.49482, 37.72546) 
Data: -51.91000 -23.82000 1.74000 -16.19000 -5.55000 -3.37000 3.54000 4.49000 
FFT : -91.07000 (-46.19736, 30.88330) (-62.74000, 15.49000) (-46.52264, 27.28330) -13.29000 (-46.52264, -27.28330) (-62.74000, -15.49000) (-46.19736, -30.88330) 
Data: 15.54000 21.11000 23.51000 38.44000 31.51000 12.24000 40.65000 5.78000 
FFT : 188.78000 (-32.79207, -12.22614) (-17.11000, 10.87000) (0.85207, -46.50615) 33.64001 (0.85207, 46.50615) (-17.11000, -10.87000) (-32.79207, 12.22614) 
Data: 17.42000 8.26000 1.06000 -9.20000 -10.81000 6.93000 -40.95000 -18.60000 
FFT : -45.89000 (22.52365, -49.59726) (46.50000, -42.99000) (33.93635, 34.42274) -20.67000 (33.93635, -34.42274) (46.50000, 42.99000) (22.52365, 49.59726) 
Data: -31.80000 -25.80000 -21.34000 -17.92000 -7.20000 -18.03000 -6.33000 2.02000 
FFT : -126.40000 (-15.99451, 34.60393) (-11.33000, 27.93000) (-33.20549, 4.58393) -6.93999 (-33.20549, -4.58393) (-11.33000, -27.93000) (-15.99451, -34.60393) 
Data: 5.46000 26.57000 30.59000 10.92000 27.94000 56.12000 25.67000 23.18000 
FFT : 206.45001 (-34.70588, 24.64413) (-22.86000, -48.59000) (-10.25412, 34.48413) -27.13000 (-10.25412, -34.48413) (-22.86000, 48.59000) (-34.70588, -24.64413) 
Data: 34.33000 22.55000 11.99000 3.23000 -9.77000 -8.87000 -12.93000 -12.13000 
FFT : 28.40000 (55.45613, -57.99845) (25.50000, -22.58000) (32.74387, -8.15845) 18.84000 (32.74387, 8.15845) (25.50000, 22.58000) (55.45613, 57.99845) 
Data: -19.48000 -29.28000 -36.46000 -10.11000 -27.55000 -12.47000 -14.12000 -6.45000 
FFT : -155.92000 (-1.22845, 36.81448) (3.55000, 25.19000) (17.36845, -7.86552) -39.30000 (17.36846, 7.86552) (3.55000, -25.19000) (-1.22846, -36.81448) 
Data: 0.85000 19.62000 6.49000 40.40000 8.55000 28.55000 44.44000 20.43000 
FFT : 169.33000 (-28.13539, 30.14354) (-41.53000, 12.66000) (12.73538, -45.75646) -48.67000 (12.73539, 45.75646) (-41.53000, -12.66000) (-28.13539, -30.14354) 
Data: 28.17000 14.73000 6.19000 12.94000 5.14000 -6.42000 -17.89000 -13.21000 
FFT : 29.65000 (19.49446, -57.52615) (45.01000, -8.58000) (26.56553, -9.36615) 13.57000 (26.56553, 9.36615) (45.01000, 8.58000) (19.49447, 57.52615) 
Data: -10.08000 -37.54000 -28.02000 -35.47000 -24.51000 -29.16000 -18.54000 -16.26000 
FFT : -199.58000 (22.08797, 28.98908) (11.97000, 14.96999) (6.77203, 10.02908) 37.28000 (6.77203, -10.02908) (11.97000, -14.96999) (22.08797, -28.98908) 
Data: -4.35000 0.16000 9.12000 11.15000 25.85000 27.38000 27.50000 22.59000 
FFT : 119.39999 (-41.35815, 45.71675) (-15.12000, 6.20000) (-19.04186, 8.95675) -3.16000 (-19.04186, -8.95675) (-15.12000, -6.20000) (-41.35815, -45.71675) 
Data: 26.71000 34.51000 22.34000 15.27000 18.15000 6.69000 -3.25000 -8.01000 
FFT : 112.41000 (11.77026, -61.72316) (25.77000, -33.93999) (5.34974, -10.54316) 15.49000 (5.34974, 10.54316) (25.77000, 33.93999) (11.77026, 61.72316) 
Data: -19.92000 -35.39000 -37.03000 -59.48000 -57.47000 -15.51000 -24.67000 -17.15000 
FFT : -266.62000 (53.42455, 56.34911) (-15.69000, -25.73000) (21.67546, 31.62911) -11.56000 (21.67545, -31.62911) (-15.69000, 25.73000) (53.42455, -56.34911) 
Data: -11.42000 -10.25000 -0.51000 1.15000 15.22000 20.95000 23.65000 11.03000 
FFT : 49.82000 (-41.71552, 53.20795) (-19.34000, 1.48000) (-11.56449, 4.88795) 4.06000 (-11.56448, -4.88795) (-19.34000, -1.48000) (-41.71552, -53.20795) 
Data: 23.15000 46.90000 5.88000 11.21000 21.00000 4.48000 2.45000 -2.01000 
FFT : 113.06001 (22.79752, -42.77342) (35.82000, -42.18000) (-18.49752, -35.91342) -8.10000 (-18.49752, 35.91342) (35.82000, 42.18000) (22.79752, 42.77342) 
Data: -12.95000 -26.98000 -26.25000 -23.61000 -32.97000 -33.84000 -49.18000 -25.39000 
FFT : -231.17001 (23.61210, -29.03940) (29.51000, 11.82000) (16.42790, 16.82060) -11.53001 (16.42789, -16.82060) (29.51000, -11.82000) (23.61211, 29.03940) 
Data: -19.89000 -16.01000 -6.26000 -0.04000 10.66000 0.07000 27.60000 36.55000 
FFT : 32.68000 (-16.04724, 71.10332) (-30.57000, 52.45000) (-45.05276, 3.38332) -8.46000 (-45.05276, -3.38331) (-30.57000, -52.45000) (-16.04724, -71.10332) 
Data: 18.49000 -9.14000 -3.93000 0.42000 37.28000 5.20000 5.58000 7.48000 
FFT : 61.38000 (-23.93774, 24.64209) (54.12000, 11.84000) (-13.64226, 5.62209) 53.46000 (-13.64226, -5.62209) (54.12000, -11.84000) (-23.93774, -24.64209) 
Data: -2.08000 -8.98000 -6.11000 -11.51000 -21.32000 -38.26000 -34.00000 -23.63000 
FFT : -145.89000 (31.37395, -57.16422) (16.71000, 12.10000) (7.10605, -1.38422) 18.87000 (7.10605, 1.38422) (16.71000, -12.10000) (31.37395, 57.16422) 
Data: -22.53000 -29.42000 -13.79000 -7.52000 -5.66000 5.07000 9.73000 25.27000 
FFT : -38.85000 (-18.07208, 71.09415) (-24.13000, 42.10000) (-15.66792, 24.05414) -25.65000 (-15.66792, -24.05414) (-24.13000, -42.10000) (-18.07208, -71.09415) 
Data: 19.81000 22.59000 18.04000 33.51000 -1.69000 29.66000 20.07000 19.95000 
FFT : 161.94000 (6.91239, -2.55912) (-19.99000, 1.21000) (36.08761, -6.61912) -49.48000 (36.08761, 6.61912) (-19.99000, -1.21000) (6.91239, 2.55912) 
Data: 4.51000 -0.03000 -11.58000 -14.45000 -13.92000 -3.49000 -21.33000 -57.57000 
FFT : -117.85999 (-9.61385, -42.68703) (23.50000, -68.50000) (46.47385, -23.18703) 33.21999 (46.47385, 23.18703) (23.50000, 68.50000) (-9.61385, 42.68703) 
Data: -34.46000 -12.17000 -27.24000 -6.39000 -8.75000 -2.01000 2.41000 7.03000 
FFT : -81.58000 (-23.40483, 46.32358) (-18.38000, 14.82000) (-28.01517, -12.97642) -54.50000 (-28.01517, 12.97642) (-18.38000, -14.82000) (-23.40483, -46.32358) 
Data: 26.15000 19.49000 16.80000 12.70000 22.65000 35.71000 43.65000 10.29000 
FFT : 187.44000 (-9.67340, 36.61515) (-11.65000, -32.21000) (16.67340, -17.08486) 31.06001 (16.67340, 17.08486) (-11.65000, 32.21000) (-9.67340, -36.61515) 
Data: 11.34000 6.03000 0.79000 -2.30000 -22.16000 -19.61000 -36.13000 -28.29000 
FFT : -90.33000 (33.25251, -73.42793) (24.52000, -17.01000) (33.74749, 0.41208) -1.99000 (33.74749, -0.41208) (24.52000, 17.01000) (33.25251, 73.42793) 
Data: -59.15000 -35.54000 -29.36000 -24.25000 -30.91000 -15.18000 0.12000 1.76000 
FFT : -192.50999 (-24.24485, 62.26854) (-60.82000, 28.23000) (-32.23516, 3.30854) -46.09000 (-32.23515, -3.30854) (-60.82000, -28.23000) (-24.24485, -62.26855) 
Data: 12.70000 -0.94000 36.85000 28.06000 33.64000 41.36000 26.04000 18.02000 
FFT : 195.73000 (-57.94997, 12.00127) (-16.55000, 5.66000) (16.06997, 33.62126) 22.73000 (16.06997, -33.62126) (-16.55000, -5.66000) (-57.94997, -12.00127) 
Data: 31.90000 11.27000 9.53000 3.07000 -3.99000 -16.14000 -23.61000 -40.70000 
FFT : -28.67000 (24.32173, -83.47186) (41.99000, -32.76000) (47.45827, -17.19186) 56.33000 (47.45827, 17.19186) (41.99000, 32.76000) (24.32173, 83.47186) 
Data: -38.46000 -17.54000 -9.86000 -30.86000 -19.79000 -21.82000 -8.68000 -4.67000 
FFT : -151.67999 (2.87555, 16.67271) (-39.71000, 3.83000) (-40.21554, 14.31271) -1.90000 (-40.21554, -14.31271) (-39.71000, -3.83000) (2.87554, -16.67271) 
Data: 2.38000 11.07000 20.98000 45.07000 19.74000 32.73000 9.18000 20.78000 
FFT : 161.92999 (-49.85156, -13.65969) (-8.04000, 22.05000) (15.13155, 9.94031) -57.37000 (15.13156, -9.94031) (-8.04000, -22.05000) (-49.85155, 13.65969) 
Data: 25.49000 19.63000 23.05000 7.33000 3.34000 -2.41000 -9.76000 -24.56000 
FFT : 42.11000 (15.18499, -70.94426) (15.54000, -34.45000) (29.11500, -5.32427) 42.13000 (29.11500, 5.32427) (15.54000, 34.45000) (15.18500, 70.94427) 
Data: -18.26000 -13.64000 -3.56000 -52.08000 -25.97000 -9.18000 -12.53000 -11.84000 
FFT : -147.06000 (33.01028, 22.63767) (-28.14000, -41.10000) (-17.59028, 40.57767) 26.42001 (-17.59028, -40.57767) (-28.14000, 41.10000) (33.01028, -22.63768) 
Data: -4.06000 0.30000 10.57000 23.72000 0.83000 34.28000 29.56000 31.36000 
FFT : 126.56000 (-23.51519, 48.41978) (-43.36000, 20.50000) (13.73519, 10.43978) -52.76001 (13.73519, -10.43978) (-43.36000, -20.50000) (-23.51519, -48.41978) 
Data: 16.92000 3.68000 24.38000 20.98000 9.25000 5.65000 -7.44000 -9.86000 
FFT : 63.56000 (-15.53018, -52.23417) (9.23000, 1.79000) (30.87017, 11.40583) 22.66000 (30.87017, -11.40583) (9.23000, -1.79000) (-15.53017, 52.23417) 
Data: -10.84000 -0.90000 -51.80000 -41.21000 -46.05000 -6.45000 -24.66000 -12.63000 
FFT : -194.54001 (59.34355, 43.42467) (19.57000, -46.49000) (11.07645, -10.85533) -72.16000 (11.07644, 10.85533) (19.57000, 46.49000) (59.34355, -43.42467) 
Data: -12.65000 -6.31000 -0.24000 7.64000 7.84000 24.39000 37.87000 22.25000 
FFT : 80.79000 (-31.86734, 70.14901) (-42.43999, 11.81000) (-9.11265, -6.07099) -15.15000 (-9.11265, 6.07099) (-42.43999, -11.81000) (-31.86735, -70.14901) 
Data: 1.34000 36.35000 27.04000 24.79000 0.19000 16.53000 5.69000 -1.59000 
FFT : 110.34000 (-3.48862, -54.01833) (-31.20000, -29.68000) (5.78862, -11.31833) -41.82000 (5.78862, 11.31833) (-31.20000, 29.68000) (-3.48862, 54.01833) 
Data: -6.92000 -14.46000 -33.56000 -13.75000 -30.80000 -38.93000 -14.92000 -47.77000 
FFT : -201.11002 (17.12713, -22.71867) (10.76000, -8.13000) (30.63287, -59.99868) 28.71000 (30.63287, 59.99867) (10.76000, 8.13000) (17.12713, 22.71868) 
Data: -23.33000 -26.01000 -3.26000 -1.48000 1.93000 7.56000 30.64000 30.40000 
FFT : 16.45000 (-26.45501, 80.18013) (-48.77999, 47.37000) (-24.06499, 12.38014) -4.49000 (-24.06499, -12.38014) (-48.78000, -47.37000) (-26.45501, -80.18013) 
Data: 28.45000 25.47000 21.38000 18.05000 16.52000 15.36000 14.57000 3.39000 
FFT : 143.19000 (8.71266, -24.32503) (9.02000, -19.39000) (15.14734, -10.70503) 18.65000 (15.14734, 10.70503) (9.02001, 19.39000) (8.71267, 24.32503) 
Data: -1.52000 0.09000 -12.08000 -14.61000 -39.58000 -17.79000 -15.07000 -22.02000 
FFT : -122.58000 (45.46341, -20.87273) (-13.95000, -18.93000) (30.65659, -14.89273) -13.92000 (30.65659, 14.89273) (-13.95000, 18.93000) (45.46341, 20.87273) 
