Data: 5.70000 19.26000 11.20000 25.08000 25.74000 13.76000 42.32000 16.22000 
FFT : 159.28000 (-22.41588, 20.96595) (-22.08000, 8.28000) (-17.66412, -41.27406) 10.64000 (-17.66412, 41.27405) (-22.08000, -8.28000) (-22.41588, -20.96594) 
Data: 17.55000 27.94000 15.59000 2.05000 -5.42000 -1.93000 -13.83000 -13.76000 
FFT : 28.19000 (32.91192, -61.72064) (10.37000, -37.72000) (13.02808, -2.88064) -0.41000 (13.02808, 2.88064) (10.37000, 37.72000) (32.91192, 61.72064) 
Data: -11.57000 -27.60000 -45.21000 -3.46000 -41.40000 -30.63000 -21.75000 -7.15000 
FFT : -188.76999 (29.36331, 18.70824) (13.99000, 47.62000) (30.29669, -28.21176) -51.09000 (30.29670, 28.21176) (13.99000, -47.62000) (29.36331, -18.70824) 
Data: -0.91000 1.44000 8.13000 24.36000 42.29000 26.56000 26.76000 20.44000 
FFT : 149.07001 (-63.73438, 33.62067) (6.49000, 16.80000) (-22.66562, -3.63934) 3.47000 (-22.66562, 3.63934) (6.49000, -16.80000) (-63.73438, -33.62067) 
Data: 28.80000 31.28000 17.17000 16.01000 2.58000 -2.04000 -3.47000 -20.21000 
FFT : 70.12000 (24.16939, -69.81220) (17.68000, -33.44000) (28.27061, -28.53220) 20.04000 (28.27061, 28.53220) (17.68000, 33.44000) (24.16939, 69.81220) 
Data: -18.38000 -29.38000 -38.37000 -49.19000 -18.16000 -38.17000 -12.09000 -13.77000 
FFT : -217.50999 (31.04119, 45.11025) (13.92000, 4.59000) (-31.48119, -7.44975) 43.50999 (-31.48119, 7.44975) (13.92000, -4.59000) (31.04119, -45.11025) 
Data: -7.83000 -2.51000 3.60000 10.84000 17.08000 10.88000 53.01000 32.48000 
FFT : 117.55000 (-19.07637, 74.17995) (-47.36000, 34.95000) (-30.74363, -24.64005) 14.17000 (-30.74363, 24.64005) (-47.36000, -34.95000) (-19.07637, -74.17995) 
Data: 12.95000 32.24000 39.75000 23.39000 19.46000 5.71000 -1.30000 -9.49000 
FFT : 122.71000 (-11.00013, -83.05920) (-6.04000, -24.05000) (-2.01988, -0.95922) 19.01000 (-2.01988, 0.95921) (-6.04000, 24.05000) (-11.00012, 83.05922) 
Data: -15.59000 -23.36000 -27.16000 -11.51000 -27.43000 -57.97000 -37.06000 -16.16000 
FFT : -216.24001 (33.02492, -37.66101) (21.20000, 53.66000) (-9.34492, -17.86101) 1.75999 (-9.34492, 17.86101) (21.20000, -53.66000) (33.02492, 37.66101) 
Data: -20.57000 -12.56000 -1.10000 2.76000 14.91000 23.02000 31.66000 25.18000 
FFT : 63.30000 (-44.78553, 73.77219) (-36.22000, 17.48000) (-26.17447, 8.25219) -13.50000 (-26.17447, -8.25219) (-36.22000, -17.48000) (-44.78553, -73.77219) 
Data: 38.10000 22.55000 9.25000 38.06000 11.04000 3.96000 7.20000 -0.37000 
FFT : 129.78999 (13.03100, -42.36923) (32.69000, 11.18000) (41.08900, -38.26923) 1.39000 (41.08900, 38.26923) (32.69000, -11.18000) (13.03100, 42.36923) 
Data: -4.05000 -16.24000 -22.55000 -39.06000 -17.75000 -13.91000 -39.17000 4.28000 
FFT : -148.45000 (42.69845, 15.67356) (39.92000, -4.63000) (-15.29845, 48.91357) -18.59000 (-15.29845, -48.91356) (39.92000, 4.63000) (42.69845, -15.67357) 
