=====================
inputsize
../../user_input/16.in
=====================
******************
windows Size
4
******************
Picked up JAVA_TOOL_OPTIONS: -Dgnu.io.rxtx.SerialPorts=/dev/tty96B0
Picked up JAVA_TOOL_OPTIONS: -Dgnu.io.rxtx.SerialPorts=/dev/tty96B0
Jun 26, 2017 5:52:49 PM org.apache.edgent.runtime.etiao.Executable$1 accept
INFO: No more active user tasks

real	0m2.892s
user	0m1.828s
sys	0m0.084s
Picked up JAVA_TOOL_OPTIONS: -Dgnu.io.rxtx.SerialPorts=/dev/tty96B0
Picked up JAVA_TOOL_OPTIONS: -Dgnu.io.rxtx.SerialPorts=/dev/tty96B0
Jun 26, 2017 5:52:56 PM org.apache.edgent.runtime.etiao.Executable$1 accept
INFO: No more active user tasks

real	0m2.847s
user	0m1.760s
sys	0m0.100s
Picked up JAVA_TOOL_OPTIONS: -Dgnu.io.rxtx.SerialPorts=/dev/tty96B0
Picked up JAVA_TOOL_OPTIONS: -Dgnu.io.rxtx.SerialPorts=/dev/tty96B0
Jun 26, 2017 5:53:03 PM org.apache.edgent.runtime.etiao.Executable$1 accept
INFO: No more active user tasks

real	0m2.887s
user	0m1.828s
sys	0m0.076s
******************
windows Size
16
******************
Picked up JAVA_TOOL_OPTIONS: -Dgnu.io.rxtx.SerialPorts=/dev/tty96B0
Picked up JAVA_TOOL_OPTIONS: -Dgnu.io.rxtx.SerialPorts=/dev/tty96B0
Jun 26, 2017 5:53:09 PM org.apache.edgent.runtime.etiao.Executable$1 accept
INFO: No more active user tasks

real	0m2.855s
user	0m1.776s
sys	0m0.100s
Picked up JAVA_TOOL_OPTIONS: -Dgnu.io.rxtx.SerialPorts=/dev/tty96B0
Picked up JAVA_TOOL_OPTIONS: -Dgnu.io.rxtx.SerialPorts=/dev/tty96B0
Jun 26, 2017 5:53:16 PM org.apache.edgent.runtime.etiao.Executable$1 accept
INFO: No more active user tasks

real	0m2.682s
user	0m1.636s
sys	0m0.068s
Picked up JAVA_TOOL_OPTIONS: -Dgnu.io.rxtx.SerialPorts=/dev/tty96B0
Picked up JAVA_TOOL_OPTIONS: -Dgnu.io.rxtx.SerialPorts=/dev/tty96B0
Jun 26, 2017 5:53:23 PM org.apache.edgent.runtime.etiao.Executable$1 accept
INFO: No more active user tasks

real	0m2.669s
user	0m1.612s
sys	0m0.088s
******************
windows Size
64
******************
Picked up JAVA_TOOL_OPTIONS: -Dgnu.io.rxtx.SerialPorts=/dev/tty96B0
Picked up JAVA_TOOL_OPTIONS: -Dgnu.io.rxtx.SerialPorts=/dev/tty96B0
Jun 26, 2017 5:53:30 PM org.apache.edgent.runtime.etiao.Executable$1 accept
INFO: No more active user tasks

real	0m2.711s
user	0m1.620s
sys	0m0.112s
Picked up JAVA_TOOL_OPTIONS: -Dgnu.io.rxtx.SerialPorts=/dev/tty96B0
Picked up JAVA_TOOL_OPTIONS: -Dgnu.io.rxtx.SerialPorts=/dev/tty96B0
Jun 26, 2017 5:53:37 PM org.apache.edgent.runtime.etiao.Executable$1 accept
INFO: No more active user tasks

real	0m2.692s
user	0m1.644s
sys	0m0.068s
Picked up JAVA_TOOL_OPTIONS: -Dgnu.io.rxtx.SerialPorts=/dev/tty96B0
Picked up JAVA_TOOL_OPTIONS: -Dgnu.io.rxtx.SerialPorts=/dev/tty96B0
Jun 26, 2017 5:53:44 PM org.apache.edgent.runtime.etiao.Executable$1 accept
INFO: No more active user tasks

real	0m2.692s
user	0m1.636s
sys	0m0.084s
******************
windows Size
256
******************
Picked up JAVA_TOOL_OPTIONS: -Dgnu.io.rxtx.SerialPorts=/dev/tty96B0
Picked up JAVA_TOOL_OPTIONS: -Dgnu.io.rxtx.SerialPorts=/dev/tty96B0
Jun 26, 2017 5:53:51 PM org.apache.edgent.runtime.etiao.Executable$1 accept
INFO: No more active user tasks

real	0m2.662s
user	0m1.592s
sys	0m0.084s
Picked up JAVA_TOOL_OPTIONS: -Dgnu.io.rxtx.SerialPorts=/dev/tty96B0
Picked up JAVA_TOOL_OPTIONS: -Dgnu.io.rxtx.SerialPorts=/dev/tty96B0
Jun 26, 2017 5:53:57 PM org.apache.edgent.runtime.etiao.Executable$1 accept
INFO: No more active user tasks

real	0m2.870s
user	0m1.816s
sys	0m0.072s
Picked up JAVA_TOOL_OPTIONS: -Dgnu.io.rxtx.SerialPorts=/dev/tty96B0
Picked up JAVA_TOOL_OPTIONS: -Dgnu.io.rxtx.SerialPorts=/dev/tty96B0
Jun 26, 2017 5:54:04 PM org.apache.edgent.runtime.etiao.Executable$1 accept
INFO: No more active user tasks

real	0m2.711s
user	0m1.644s
sys	0m0.088s
=====================
inputsize
../../user_input/256.in
=====================
******************
windows Size
4
******************
Picked up JAVA_TOOL_OPTIONS: -Dgnu.io.rxtx.SerialPorts=/dev/tty96B0
Picked up JAVA_TOOL_OPTIONS: -Dgnu.io.rxtx.SerialPorts=/dev/tty96B0
Jun 26, 2017 5:54:11 PM org.apache.edgent.runtime.etiao.Executable$1 accept
INFO: No more active user tasks

real	0m2.854s
user	0m1.828s
sys	0m0.092s
Picked up JAVA_TOOL_OPTIONS: -Dgnu.io.rxtx.SerialPorts=/dev/tty96B0
Picked up JAVA_TOOL_OPTIONS: -Dgnu.io.rxtx.SerialPorts=/dev/tty96B0
Jun 26, 2017 5:54:18 PM org.apache.edgent.runtime.etiao.Executable$1 accept
INFO: No more active user tasks

real	0m2.696s
user	0m1.672s
sys	0m0.088s
Picked up JAVA_TOOL_OPTIONS: -Dgnu.io.rxtx.SerialPorts=/dev/tty96B0
Picked up JAVA_TOOL_OPTIONS: -Dgnu.io.rxtx.SerialPorts=/dev/tty96B0
Jun 26, 2017 5:54:25 PM org.apache.edgent.runtime.etiao.Executable$1 accept
INFO: No more active user tasks

real	0m2.823s
user	0m1.800s
sys	0m0.092s
******************
windows Size
16
******************
Picked up JAVA_TOOL_OPTIONS: -Dgnu.io.rxtx.SerialPorts=/dev/tty96B0
Picked up JAVA_TOOL_OPTIONS: -Dgnu.io.rxtx.SerialPorts=/dev/tty96B0
Jun 26, 2017 5:54:32 PM org.apache.edgent.runtime.etiao.Executable$1 accept
INFO: No more active user tasks

real	0m2.714s
user	0m1.700s
sys	0m0.084s
Picked up JAVA_TOOL_OPTIONS: -Dgnu.io.rxtx.SerialPorts=/dev/tty96B0
Picked up JAVA_TOOL_OPTIONS: -Dgnu.io.rxtx.SerialPorts=/dev/tty96B0
Jun 26, 2017 5:54:38 PM org.apache.edgent.runtime.etiao.Executable$1 accept
INFO: No more active user tasks

real	0m2.853s
user	0m1.836s
sys	0m0.084s
Picked up JAVA_TOOL_OPTIONS: -Dgnu.io.rxtx.SerialPorts=/dev/tty96B0
Picked up JAVA_TOOL_OPTIONS: -Dgnu.io.rxtx.SerialPorts=/dev/tty96B0
Jun 26, 2017 5:54:45 PM org.apache.edgent.runtime.etiao.Executable$1 accept
INFO: No more active user tasks

real	0m2.683s
user	0m1.684s
sys	0m0.072s
******************
windows Size
64
******************
Picked up JAVA_TOOL_OPTIONS: -Dgnu.io.rxtx.SerialPorts=/dev/tty96B0
Picked up JAVA_TOOL_OPTIONS: -Dgnu.io.rxtx.SerialPorts=/dev/tty96B0
Jun 26, 2017 5:54:52 PM org.apache.edgent.runtime.etiao.Executable$1 accept
INFO: No more active user tasks

real	0m2.904s
user	0m1.872s
sys	0m0.092s
Picked up JAVA_TOOL_OPTIONS: -Dgnu.io.rxtx.SerialPorts=/dev/tty96B0
Picked up JAVA_TOOL_OPTIONS: -Dgnu.io.rxtx.SerialPorts=/dev/tty96B0
Jun 26, 2017 5:54:59 PM org.apache.edgent.runtime.etiao.Executable$1 accept
INFO: No more active user tasks

real	0m2.683s
user	0m1.672s
sys	0m0.088s
Picked up JAVA_TOOL_OPTIONS: -Dgnu.io.rxtx.SerialPorts=/dev/tty96B0
Picked up JAVA_TOOL_OPTIONS: -Dgnu.io.rxtx.SerialPorts=/dev/tty96B0
Jun 26, 2017 5:55:06 PM org.apache.edgent.runtime.etiao.Executable$1 accept
INFO: No more active user tasks

real	0m2.564s
user	0m1.580s
sys	0m0.060s
******************
windows Size
256
******************
Picked up JAVA_TOOL_OPTIONS: -Dgnu.io.rxtx.SerialPorts=/dev/tty96B0
Picked up JAVA_TOOL_OPTIONS: -Dgnu.io.rxtx.SerialPorts=/dev/tty96B0
Jun 26, 2017 5:55:12 PM org.apache.edgent.runtime.etiao.Executable$1 accept
INFO: No more active user tasks

real	0m2.796s
user	0m1.808s
sys	0m0.092s
Picked up JAVA_TOOL_OPTIONS: -Dgnu.io.rxtx.SerialPorts=/dev/tty96B0
Picked up JAVA_TOOL_OPTIONS: -Dgnu.io.rxtx.SerialPorts=/dev/tty96B0
Jun 26, 2017 5:55:19 PM org.apache.edgent.runtime.etiao.Executable$1 accept
INFO: No more active user tasks

real	0m2.844s
user	0m1.840s
sys	0m0.092s
Picked up JAVA_TOOL_OPTIONS: -Dgnu.io.rxtx.SerialPorts=/dev/tty96B0
Picked up JAVA_TOOL_OPTIONS: -Dgnu.io.rxtx.SerialPorts=/dev/tty96B0
Jun 26, 2017 5:55:26 PM org.apache.edgent.runtime.etiao.Executable$1 accept
INFO: No more active user tasks

real	0m2.715s
user	0m1.696s
sys	0m0.104s
=====================
inputsize
../../user_input/4096.in
=====================
******************
windows Size
4
******************
Picked up JAVA_TOOL_OPTIONS: -Dgnu.io.rxtx.SerialPorts=/dev/tty96B0
Picked up JAVA_TOOL_OPTIONS: -Dgnu.io.rxtx.SerialPorts=/dev/tty96B0
Jun 26, 2017 5:55:33 PM org.apache.edgent.runtime.etiao.Executable$1 accept
INFO: No more active user tasks

real	0m2.583s
user	0m2.360s
sys	0m0.104s
Picked up JAVA_TOOL_OPTIONS: -Dgnu.io.rxtx.SerialPorts=/dev/tty96B0
Picked up JAVA_TOOL_OPTIONS: -Dgnu.io.rxtx.SerialPorts=/dev/tty96B0
Jun 26, 2017 5:55:39 PM org.apache.edgent.runtime.etiao.Executable$1 accept
INFO: No more active user tasks

real	0m2.551s
user	0m2.444s
sys	0m0.056s
Picked up JAVA_TOOL_OPTIONS: -Dgnu.io.rxtx.SerialPorts=/dev/tty96B0
Picked up JAVA_TOOL_OPTIONS: -Dgnu.io.rxtx.SerialPorts=/dev/tty96B0
Jun 26, 2017 5:55:46 PM org.apache.edgent.runtime.etiao.Executable$1 accept
INFO: No more active user tasks

real	0m2.599s
user	0m2.396s
sys	0m0.084s
******************
windows Size
16
******************
Picked up JAVA_TOOL_OPTIONS: -Dgnu.io.rxtx.SerialPorts=/dev/tty96B0
Picked up JAVA_TOOL_OPTIONS: -Dgnu.io.rxtx.SerialPorts=/dev/tty96B0
Jun 26, 2017 5:55:53 PM org.apache.edgent.runtime.etiao.Executable$1 accept
INFO: No more active user tasks

real	0m2.562s
user	0m2.380s
sys	0m0.068s
Picked up JAVA_TOOL_OPTIONS: -Dgnu.io.rxtx.SerialPorts=/dev/tty96B0
Picked up JAVA_TOOL_OPTIONS: -Dgnu.io.rxtx.SerialPorts=/dev/tty96B0
Jun 26, 2017 5:55:59 PM org.apache.edgent.runtime.etiao.Executable$1 accept
INFO: No more active user tasks

real	0m2.555s
user	0m2.464s
sys	0m0.044s
Picked up JAVA_TOOL_OPTIONS: -Dgnu.io.rxtx.SerialPorts=/dev/tty96B0
Picked up JAVA_TOOL_OPTIONS: -Dgnu.io.rxtx.SerialPorts=/dev/tty96B0
Jun 26, 2017 5:56:06 PM org.apache.edgent.runtime.etiao.Executable$1 accept
INFO: No more active user tasks

real	0m2.590s
user	0m2.388s
sys	0m0.096s
******************
windows Size
64
******************
Picked up JAVA_TOOL_OPTIONS: -Dgnu.io.rxtx.SerialPorts=/dev/tty96B0
Picked up JAVA_TOOL_OPTIONS: -Dgnu.io.rxtx.SerialPorts=/dev/tty96B0
Jun 26, 2017 5:56:12 PM org.apache.edgent.runtime.etiao.Executable$1 accept
INFO: No more active user tasks

real	0m2.541s
user	0m2.344s
sys	0m0.076s
Picked up JAVA_TOOL_OPTIONS: -Dgnu.io.rxtx.SerialPorts=/dev/tty96B0
Picked up JAVA_TOOL_OPTIONS: -Dgnu.io.rxtx.SerialPorts=/dev/tty96B0
Jun 26, 2017 5:56:19 PM org.apache.edgent.runtime.etiao.Executable$1 accept
INFO: No more active user tasks

real	0m2.573s
user	0m2.368s
sys	0m0.092s
Picked up JAVA_TOOL_OPTIONS: -Dgnu.io.rxtx.SerialPorts=/dev/tty96B0
Picked up JAVA_TOOL_OPTIONS: -Dgnu.io.rxtx.SerialPorts=/dev/tty96B0
Jun 26, 2017 5:56:26 PM org.apache.edgent.runtime.etiao.Executable$1 accept
INFO: No more active user tasks

real	0m2.620s
user	0m2.568s
sys	0m0.064s
******************
windows Size
256
******************
Picked up JAVA_TOOL_OPTIONS: -Dgnu.io.rxtx.SerialPorts=/dev/tty96B0
Picked up JAVA_TOOL_OPTIONS: -Dgnu.io.rxtx.SerialPorts=/dev/tty96B0
Jun 26, 2017 5:56:32 PM org.apache.edgent.runtime.etiao.Executable$1 accept
INFO: No more active user tasks

real	0m2.553s
user	0m2.392s
sys	0m0.088s
Picked up JAVA_TOOL_OPTIONS: -Dgnu.io.rxtx.SerialPorts=/dev/tty96B0
Picked up JAVA_TOOL_OPTIONS: -Dgnu.io.rxtx.SerialPorts=/dev/tty96B0
Jun 26, 2017 5:56:39 PM org.apache.edgent.runtime.etiao.Executable$1 accept
INFO: No more active user tasks

real	0m2.567s
user	0m2.480s
sys	0m0.032s
Picked up JAVA_TOOL_OPTIONS: -Dgnu.io.rxtx.SerialPorts=/dev/tty96B0
Picked up JAVA_TOOL_OPTIONS: -Dgnu.io.rxtx.SerialPorts=/dev/tty96B0
Jun 26, 2017 5:56:45 PM org.apache.edgent.runtime.etiao.Executable$1 accept
INFO: No more active user tasks

real	0m2.561s
user	0m2.468s
sys	0m0.096s
=====================
inputsize
../../user_input/65536.in
=====================
******************
windows Size
4
******************
Picked up JAVA_TOOL_OPTIONS: -Dgnu.io.rxtx.SerialPorts=/dev/tty96B0
Picked up JAVA_TOOL_OPTIONS: -Dgnu.io.rxtx.SerialPorts=/dev/tty96B0
Jun 26, 2017 5:57:04 PM org.apache.edgent.runtime.etiao.Executable$1 accept
INFO: No more active user tasks

real	0m14.793s
user	0m14.712s
sys	0m0.108s
Picked up JAVA_TOOL_OPTIONS: -Dgnu.io.rxtx.SerialPorts=/dev/tty96B0
Picked up JAVA_TOOL_OPTIONS: -Dgnu.io.rxtx.SerialPorts=/dev/tty96B0
Jun 26, 2017 5:57:23 PM org.apache.edgent.runtime.etiao.Executable$1 accept
INFO: No more active user tasks

real	0m14.551s
user	0m14.500s
sys	0m0.076s
Picked up JAVA_TOOL_OPTIONS: -Dgnu.io.rxtx.SerialPorts=/dev/tty96B0
Picked up JAVA_TOOL_OPTIONS: -Dgnu.io.rxtx.SerialPorts=/dev/tty96B0
Jun 26, 2017 5:57:41 PM org.apache.edgent.runtime.etiao.Executable$1 accept
INFO: No more active user tasks

real	0m14.658s
user	0m14.584s
sys	0m0.104s
******************
windows Size
16
******************
Picked up JAVA_TOOL_OPTIONS: -Dgnu.io.rxtx.SerialPorts=/dev/tty96B0
Picked up JAVA_TOOL_OPTIONS: -Dgnu.io.rxtx.SerialPorts=/dev/tty96B0
Jun 26, 2017 5:58:00 PM org.apache.edgent.runtime.etiao.Executable$1 accept
INFO: No more active user tasks

real	0m14.577s
user	0m14.516s
sys	0m0.100s
Picked up JAVA_TOOL_OPTIONS: -Dgnu.io.rxtx.SerialPorts=/dev/tty96B0
Picked up JAVA_TOOL_OPTIONS: -Dgnu.io.rxtx.SerialPorts=/dev/tty96B0
Jun 26, 2017 5:58:19 PM org.apache.edgent.runtime.etiao.Executable$1 accept
INFO: No more active user tasks

real	0m14.706s
user	0m14.616s
sys	0m0.112s
Picked up JAVA_TOOL_OPTIONS: -Dgnu.io.rxtx.SerialPorts=/dev/tty96B0
Picked up JAVA_TOOL_OPTIONS: -Dgnu.io.rxtx.SerialPorts=/dev/tty96B0
Jun 26, 2017 5:58:37 PM org.apache.edgent.runtime.etiao.Executable$1 accept
INFO: No more active user tasks

real	0m14.574s
user	0m14.540s
sys	0m0.064s
******************
windows Size
64
******************
Picked up JAVA_TOOL_OPTIONS: -Dgnu.io.rxtx.SerialPorts=/dev/tty96B0
Picked up JAVA_TOOL_OPTIONS: -Dgnu.io.rxtx.SerialPorts=/dev/tty96B0
Jun 26, 2017 5:58:56 PM org.apache.edgent.runtime.etiao.Executable$1 accept
INFO: No more active user tasks

real	0m14.680s
user	0m14.604s
sys	0m0.088s
Picked up JAVA_TOOL_OPTIONS: -Dgnu.io.rxtx.SerialPorts=/dev/tty96B0
Picked up JAVA_TOOL_OPTIONS: -Dgnu.io.rxtx.SerialPorts=/dev/tty96B0
Jun 26, 2017 5:59:15 PM org.apache.edgent.runtime.etiao.Executable$1 accept
INFO: No more active user tasks

real	0m14.643s
user	0m14.580s
sys	0m0.080s
Picked up JAVA_TOOL_OPTIONS: -Dgnu.io.rxtx.SerialPorts=/dev/tty96B0
Picked up JAVA_TOOL_OPTIONS: -Dgnu.io.rxtx.SerialPorts=/dev/tty96B0
Jun 26, 2017 5:59:33 PM org.apache.edgent.runtime.etiao.Executable$1 accept
INFO: No more active user tasks

real	0m14.808s
user	0m14.744s
sys	0m0.092s
******************
windows Size
256
******************
Picked up JAVA_TOOL_OPTIONS: -Dgnu.io.rxtx.SerialPorts=/dev/tty96B0
Picked up JAVA_TOOL_OPTIONS: -Dgnu.io.rxtx.SerialPorts=/dev/tty96B0
Jun 26, 2017 5:59:53 PM org.apache.edgent.runtime.etiao.Executable$1 accept
INFO: No more active user tasks

real	0m15.446s
user	0m15.388s
sys	0m0.092s
Picked up JAVA_TOOL_OPTIONS: -Dgnu.io.rxtx.SerialPorts=/dev/tty96B0
Picked up JAVA_TOOL_OPTIONS: -Dgnu.io.rxtx.SerialPorts=/dev/tty96B0
Jun 26, 2017 6:00:12 PM org.apache.edgent.runtime.etiao.Executable$1 accept
INFO: No more active user tasks

real	0m15.498s
user	0m15.436s
sys	0m0.088s
Picked up JAVA_TOOL_OPTIONS: -Dgnu.io.rxtx.SerialPorts=/dev/tty96B0
Picked up JAVA_TOOL_OPTIONS: -Dgnu.io.rxtx.SerialPorts=/dev/tty96B0
Jun 26, 2017 6:00:32 PM org.apache.edgent.runtime.etiao.Executable$1 accept
INFO: No more active user tasks

real	0m15.663s
user	0m15.612s
sys	0m0.076s
