Picked up JAVA_TOOL_OPTIONS: -Dgnu.io.rxtx.SerialPorts=/dev/tty96B0
=====================
WindowSize
4
=====================
Picked up JAVA_TOOL_OPTIONS: -Dgnu.io.rxtx.SerialPorts=/dev/tty96B0

real	0m1.558s
user	0m2.552s
sys	0m0.172s
Picked up JAVA_TOOL_OPTIONS: -Dgnu.io.rxtx.SerialPorts=/dev/tty96B0

real	0m1.598s
user	0m2.636s
sys	0m0.148s
Picked up JAVA_TOOL_OPTIONS: -Dgnu.io.rxtx.SerialPorts=/dev/tty96B0

real	0m1.605s
user	0m2.600s
sys	0m0.184s
=====================
WindowSize
8
=====================
Picked up JAVA_TOOL_OPTIONS: -Dgnu.io.rxtx.SerialPorts=/dev/tty96B0

real	0m1.579s
user	0m2.588s
sys	0m0.152s
Picked up JAVA_TOOL_OPTIONS: -Dgnu.io.rxtx.SerialPorts=/dev/tty96B0

real	0m1.626s
user	0m2.728s
sys	0m0.104s
Picked up JAVA_TOOL_OPTIONS: -Dgnu.io.rxtx.SerialPorts=/dev/tty96B0

real	0m1.649s
user	0m2.696s
sys	0m0.148s
=====================
WindowSize
16
=====================
Picked up JAVA_TOOL_OPTIONS: -Dgnu.io.rxtx.SerialPorts=/dev/tty96B0

real	0m1.604s
user	0m2.656s
sys	0m0.120s
Picked up JAVA_TOOL_OPTIONS: -Dgnu.io.rxtx.SerialPorts=/dev/tty96B0

real	0m1.696s
user	0m2.768s
sys	0m0.184s
Picked up JAVA_TOOL_OPTIONS: -Dgnu.io.rxtx.SerialPorts=/dev/tty96B0

real	0m1.639s
user	0m2.724s
sys	0m0.100s
=====================
WindowSize
32
=====================
Picked up JAVA_TOOL_OPTIONS: -Dgnu.io.rxtx.SerialPorts=/dev/tty96B0

real	0m1.611s
user	0m2.604s
sys	0m0.192s
Picked up JAVA_TOOL_OPTIONS: -Dgnu.io.rxtx.SerialPorts=/dev/tty96B0

real	0m1.647s
user	0m2.756s
sys	0m0.096s
Picked up JAVA_TOOL_OPTIONS: -Dgnu.io.rxtx.SerialPorts=/dev/tty96B0

real	0m1.709s
user	0m2.748s
sys	0m0.156s
=====================
WindowSize
64
=====================
Picked up JAVA_TOOL_OPTIONS: -Dgnu.io.rxtx.SerialPorts=/dev/tty96B0

real	0m1.608s
user	0m2.632s
sys	0m0.160s
Picked up JAVA_TOOL_OPTIONS: -Dgnu.io.rxtx.SerialPorts=/dev/tty96B0

real	0m1.566s
user	0m2.648s
sys	0m0.104s
Picked up JAVA_TOOL_OPTIONS: -Dgnu.io.rxtx.SerialPorts=/dev/tty96B0

real	0m1.550s
user	0m2.584s
sys	0m0.136s
=====================
WindowSize
128
=====================
Picked up JAVA_TOOL_OPTIONS: -Dgnu.io.rxtx.SerialPorts=/dev/tty96B0

real	0m1.665s
user	0m2.756s
sys	0m0.128s
Picked up JAVA_TOOL_OPTIONS: -Dgnu.io.rxtx.SerialPorts=/dev/tty96B0

real	0m1.630s
user	0m2.672s
sys	0m0.164s
Picked up JAVA_TOOL_OPTIONS: -Dgnu.io.rxtx.SerialPorts=/dev/tty96B0

real	0m1.586s
user	0m2.624s
sys	0m0.156s
=====================
WindowSize
256
=====================
Picked up JAVA_TOOL_OPTIONS: -Dgnu.io.rxtx.SerialPorts=/dev/tty96B0

real	0m1.674s
user	0m2.744s
sys	0m0.176s
Picked up JAVA_TOOL_OPTIONS: -Dgnu.io.rxtx.SerialPorts=/dev/tty96B0

real	0m1.666s
user	0m2.716s
sys	0m0.116s
Picked up JAVA_TOOL_OPTIONS: -Dgnu.io.rxtx.SerialPorts=/dev/tty96B0

real	0m1.612s
user	0m2.708s
sys	0m0.104s
